2024-12-23 17:42:16.185 | WARNING  | Core.GraphRAG:_register_e2r_r2c_matrix:131 - Tree graph is not supported for entity-link-chunk mapping. Skipping entity-link-chunk mapping.
2024-12-23 17:42:16.214 | INFO     | Core.Chunk.DocChunk:build_chunks:27 - Starting chunk the given documents
2024-12-23 17:42:16.214 | INFO     | Core.Storage.ChunkKVStorage:load_chunk:85 - Attempting to load the chunk data from: ./narrative/0/tree_graph/chunk_storage_chunk_data_idx.pkl and ./narrative/0/tree_graph/chunk_storage_chunk_data_key.pkl
2024-12-23 17:42:16.216 | INFO     | Core.Storage.ChunkKVStorage:load_chunk:93 - Successfully loaded chunk data (idx and key) from: ./narrative/0/tree_graph/chunk_storage_chunk_data_idx.pkl
2024-12-23 17:42:16.216 | INFO     | Core.Chunk.DocChunk:build_chunks:74 - ✅ Finished the chunking stage
2024-12-23 17:42:16.217 | INFO     | Core.GraphRAG:_update_costs_info:205 - Chunking stage cost: Total prompt token: 0, Total completeion token: 0, Total cost: 0
2024-12-23 17:42:16.217 | INFO     | Core.GraphRAG:_update_costs_info:207 - Chunking time(s): 0.00
2024-12-23 17:42:16.217 | INFO     | Core.Graph.BaseGraph:build_graph:42 - Starting build graph for the given documents
2024-12-23 17:42:16.217 | INFO     | Core.Storage.TreeGraphStorage:load_tree_graph:33 - Attempting to load the tree from: ./narrative/0/tree_graph/graph_storage_tree_data.pkl
2024-12-23 17:42:16.217 | INFO     | Core.Storage.TreeGraphStorage:load_tree_graph:47 - Pkl file does not exist! Need to build the tree from scratch.
2024-12-23 17:42:19.511 | INFO     | Core.Graph.TreeGraph:_create_node:178 - Create node_id = 0, children = None
2024-12-23 17:42:19.519 | INFO     | Core.Graph.TreeGraph:_create_node:178 - Create node_id = 1, children = None
2024-12-23 17:42:19.535 | INFO     | Core.Graph.TreeGraph:_create_node:178 - Create node_id = 2, children = None
2024-12-23 17:42:19.538 | INFO     | Core.Graph.TreeGraph:_create_node:178 - Create node_id = 3, children = None
2024-12-23 17:42:19.546 | INFO     | Core.Graph.TreeGraph:_create_node:178 - Create node_id = 4, children = None
2024-12-23 17:42:19.550 | INFO     | Core.Graph.TreeGraph:_create_node:178 - Create node_id = 5, children = None
2024-12-23 17:42:19.557 | INFO     | Core.Graph.TreeGraph:_create_node:178 - Create node_id = 6, children = None
2024-12-23 17:42:19.572 | INFO     | Core.Graph.TreeGraph:_create_node:178 - Create node_id = 7, children = None
2024-12-23 17:42:19.581 | INFO     | Core.Graph.TreeGraph:_create_node:178 - Create node_id = 8, children = None
2024-12-23 17:42:19.586 | INFO     | Core.Graph.TreeGraph:_create_node:178 - Create node_id = 9, children = None
2024-12-23 17:42:19.590 | INFO     | Core.Graph.TreeGraph:_create_node:178 - Create node_id = 10, children = None
2024-12-23 17:42:19.599 | INFO     | Core.Graph.TreeGraph:_create_node:178 - Create node_id = 11, children = None
2024-12-23 17:42:19.607 | INFO     | Core.Graph.TreeGraph:_create_node:178 - Create node_id = 12, children = None
2024-12-23 17:42:19.612 | INFO     | Core.Graph.TreeGraph:_create_node:178 - Create node_id = 13, children = None
2024-12-23 17:42:19.617 | INFO     | Core.Graph.TreeGraph:_create_node:178 - Create node_id = 14, children = None
2024-12-23 17:42:19.621 | INFO     | Core.Graph.TreeGraph:_create_node:178 - Create node_id = 15, children = None
2024-12-23 17:42:19.626 | INFO     | Core.Graph.TreeGraph:_create_node:178 - Create node_id = 16, children = None
2024-12-23 17:42:19.649 | INFO     | Core.Graph.TreeGraph:_create_node:178 - Create node_id = 17, children = None
2024-12-23 17:42:19.670 | INFO     | Core.Graph.TreeGraph:_create_node:178 - Create node_id = 18, children = None
2024-12-23 17:42:19.696 | INFO     | Core.Graph.TreeGraph:_create_node:178 - Create node_id = 19, children = None
2024-12-23 17:42:21.101 | INFO     | Core.Graph.TreeGraph:_create_node:178 - Create node_id = 20, children = None
2024-12-23 17:42:21.369 | INFO     | Core.Graph.TreeGraph:_create_node:178 - Create node_id = 21, children = None
2024-12-23 17:42:21.476 | INFO     | Core.Graph.TreeGraph:_create_node:178 - Create node_id = 22, children = None
2024-12-23 17:42:21.484 | INFO     | Core.Graph.TreeGraph:_create_node:178 - Create node_id = 23, children = None
2024-12-23 17:42:21.495 | INFO     | Core.Graph.TreeGraph:_create_node:178 - Create node_id = 24, children = None
2024-12-23 17:42:21.498 | INFO     | Core.Graph.TreeGraph:_create_node:178 - Create node_id = 25, children = None
2024-12-23 17:42:21.522 | INFO     | Core.Graph.TreeGraph:_create_node:178 - Create node_id = 26, children = None
2024-12-23 17:42:21.524 | INFO     | Core.Graph.TreeGraph:_create_node:178 - Create node_id = 26, children = None
2024-12-23 17:42:21.551 | INFO     | Core.Graph.TreeGraph:_create_node:178 - Create node_id = 28, children = None
2024-12-23 17:42:21.558 | INFO     | Core.Graph.TreeGraph:_create_node:178 - Create node_id = 29, children = None
2024-12-23 17:42:21.571 | INFO     | Core.Graph.TreeGraph:_create_node:178 - Create node_id = 30, children = None
2024-12-23 17:42:21.584 | INFO     | Core.Graph.TreeGraph:_create_node:178 - Create node_id = 31, children = None
2024-12-23 17:42:21.590 | INFO     | Core.Graph.TreeGraph:_create_node:178 - Create node_id = 32, children = None
2024-12-23 17:42:21.613 | INFO     | Core.Graph.TreeGraph:_create_node:178 - Create node_id = 33, children = None
2024-12-23 17:42:21.620 | INFO     | Core.Graph.TreeGraph:_create_node:178 - Create node_id = 34, children = None
2024-12-23 17:42:21.635 | INFO     | Core.Graph.TreeGraph:_create_node:178 - Create node_id = 35, children = None
2024-12-23 17:42:21.654 | INFO     | Core.Graph.TreeGraph:_create_node:178 - Create node_id = 36, children = None
2024-12-23 17:42:21.660 | INFO     | Core.Graph.TreeGraph:_create_node:178 - Create node_id = 37, children = None
2024-12-23 17:42:21.726 | INFO     | Core.Graph.TreeGraph:_create_node:178 - Create node_id = 38, children = None
2024-12-23 17:42:21.924 | INFO     | Core.Graph.TreeGraph:_create_node:178 - Create node_id = 39, children = None
2024-12-23 17:42:22.270 | INFO     | Core.Graph.TreeGraph:_create_node:178 - Create node_id = 40, children = None
2024-12-23 17:42:22.570 | INFO     | Core.Graph.TreeGraph:_create_node:178 - Create node_id = 41, children = None
2024-12-23 17:42:22.737 | INFO     | Core.Graph.TreeGraph:_create_node:178 - Create node_id = 42, children = None
2024-12-23 17:42:22.753 | INFO     | Core.Graph.TreeGraph:_create_node:178 - Create node_id = 43, children = None
2024-12-23 17:42:22.760 | INFO     | Core.Graph.TreeGraph:_create_node:178 - Create node_id = 44, children = None
2024-12-23 17:42:22.768 | INFO     | Core.Graph.TreeGraph:_create_node:178 - Create node_id = 45, children = None
2024-12-23 17:42:22.778 | INFO     | Core.Graph.TreeGraph:_create_node:178 - Create node_id = 46, children = None
2024-12-23 17:42:22.801 | INFO     | Core.Graph.TreeGraph:_create_node:178 - Create node_id = 47, children = None
2024-12-23 17:42:22.832 | INFO     | Core.Graph.TreeGraph:_create_node:178 - Create node_id = 48, children = None
2024-12-23 17:42:22.843 | INFO     | Core.Graph.TreeGraph:_create_node:178 - Create node_id = 49, children = None
2024-12-23 17:42:22.881 | INFO     | Core.Graph.TreeGraph:_create_node:178 - Create node_id = 50, children = None
2024-12-23 17:42:22.887 | INFO     | Core.Graph.TreeGraph:_create_node:178 - Create node_id = 51, children = None
2024-12-23 17:42:22.896 | INFO     | Core.Graph.TreeGraph:_create_node:178 - Create node_id = 52, children = None
2024-12-23 17:42:22.908 | INFO     | Core.Graph.TreeGraph:_create_node:178 - Create node_id = 53, children = None
2024-12-23 17:42:22.912 | INFO     | Core.Graph.TreeGraph:_create_node:178 - Create node_id = 54, children = None
2024-12-23 17:42:22.973 | INFO     | Core.Graph.TreeGraph:_create_node:178 - Create node_id = 55, children = None
2024-12-23 17:42:23.016 | INFO     | Core.Graph.TreeGraph:_create_node:178 - Create node_id = 56, children = None
2024-12-23 17:42:23.038 | INFO     | Core.Graph.TreeGraph:_create_node:178 - Create node_id = 57, children = None
2024-12-23 17:42:23.128 | INFO     | Core.Graph.TreeGraph:_create_node:178 - Create node_id = 58, children = None
2024-12-23 17:42:23.459 | INFO     | Core.Graph.TreeGraph:_create_node:178 - Create node_id = 59, children = None
2024-12-23 17:42:23.890 | INFO     | Core.Graph.TreeGraph:_create_node:178 - Create node_id = 60, children = None
2024-12-23 17:42:23.897 | INFO     | Core.Graph.TreeGraph:_create_node:178 - Create node_id = 61, children = None
2024-12-23 17:42:24.331 | INFO     | Core.Graph.TreeGraph:_create_node:178 - Create node_id = 62, children = None
2024-12-23 17:42:24.338 | INFO     | Core.Graph.TreeGraph:_create_node:178 - Create node_id = 63, children = None
2024-12-23 17:42:24.366 | INFO     | Core.Graph.TreeGraph:_create_node:178 - Create node_id = 64, children = None
2024-12-23 17:42:24.373 | INFO     | Core.Graph.TreeGraph:_create_node:178 - Create node_id = 65, children = None
2024-12-23 17:42:24.375 | INFO     | Core.Graph.TreeGraph:_create_node:178 - Create node_id = 65, children = None
2024-12-23 17:42:24.391 | INFO     | Core.Graph.TreeGraph:_create_node:178 - Create node_id = 67, children = None
2024-12-23 17:42:24.393 | INFO     | Core.Graph.TreeGraph:_create_node:178 - Create node_id = 67, children = None
2024-12-23 17:42:24.399 | INFO     | Core.Graph.TreeGraph:_create_node:178 - Create node_id = 69, children = None
2024-12-23 17:42:24.409 | INFO     | Core.Graph.TreeGraph:_create_node:178 - Create node_id = 70, children = None
2024-12-23 17:42:24.463 | INFO     | Core.Graph.TreeGraph:_create_node:178 - Create node_id = 71, children = None
2024-12-23 17:42:24.495 | INFO     | Core.Graph.TreeGraph:_create_node:178 - Create node_id = 72, children = None
2024-12-23 17:42:24.501 | INFO     | Core.Graph.TreeGraph:_create_node:178 - Create node_id = 73, children = None
2024-12-23 17:42:24.504 | INFO     | Core.Graph.TreeGraph:_create_node:178 - Create node_id = 74, children = None
2024-12-23 17:42:24.522 | INFO     | Core.Graph.TreeGraph:_create_node:178 - Create node_id = 75, children = None
2024-12-23 17:42:24.528 | INFO     | Core.Graph.TreeGraph:_create_node:178 - Create node_id = 76, children = None
2024-12-23 17:42:24.540 | INFO     | Core.Graph.TreeGraph:_create_node:178 - Create node_id = 77, children = None
2024-12-23 17:42:24.562 | INFO     | Core.Graph.TreeGraph:_create_node:178 - Create node_id = 78, children = None
2024-12-23 17:42:24.945 | INFO     | Core.Graph.TreeGraph:_create_node:178 - Create node_id = 79, children = None
2024-12-23 17:42:25.399 | INFO     | Core.Graph.TreeGraph:_create_node:178 - Create node_id = 80, children = None
2024-12-23 17:42:25.465 | INFO     | Core.Graph.TreeGraph:_create_node:178 - Create node_id = 81, children = None
2024-12-23 17:42:25.891 | INFO     | Core.Graph.TreeGraph:_create_node:178 - Create node_id = 82, children = None
2024-12-23 17:42:25.906 | INFO     | Core.Graph.TreeGraph:_create_node:178 - Create node_id = 83, children = None
2024-12-23 17:42:25.911 | INFO     | Core.Graph.TreeGraph:_create_node:178 - Create node_id = 84, children = None
2024-12-23 17:42:25.940 | INFO     | Core.Graph.TreeGraph:_create_node:178 - Create node_id = 85, children = None
2024-12-23 17:42:25.984 | INFO     | Core.Graph.TreeGraph:_create_node:178 - Create node_id = 86, children = None
2024-12-23 17:42:26.005 | INFO     | Core.Graph.TreeGraph:_create_node:178 - Create node_id = 87, children = None
2024-12-23 17:42:26.048 | INFO     | Core.Graph.TreeGraph:_create_node:178 - Create node_id = 88, children = None
2024-12-23 17:42:26.104 | INFO     | Core.Graph.TreeGraph:_create_node:178 - Create node_id = 89, children = None
2024-12-23 17:42:26.138 | INFO     | Core.Graph.TreeGraph:_create_node:178 - Create node_id = 90, children = None
2024-12-23 17:42:26.145 | INFO     | Core.Graph.TreeGraph:_create_node:178 - Create node_id = 91, children = None
2024-12-23 17:42:26.164 | INFO     | Core.Graph.TreeGraph:_create_node:178 - Create node_id = 92, children = None
2024-12-23 17:42:26.168 | INFO     | Core.Graph.TreeGraph:_create_node:178 - Create node_id = 93, children = None
2024-12-23 17:42:26.264 | INFO     | Core.Graph.TreeGraph:_create_node:178 - Create node_id = 94, children = None
2024-12-23 17:42:26.291 | INFO     | Core.Graph.TreeGraph:_create_node:178 - Create node_id = 95, children = None
2024-12-23 17:42:26.297 | INFO     | Core.Graph.TreeGraph:_create_node:178 - Create node_id = 96, children = None
2024-12-23 17:42:26.354 | INFO     | Core.Graph.TreeGraph:_create_node:178 - Create node_id = 97, children = None
2024-12-23 17:42:26.455 | INFO     | Core.Graph.TreeGraph:_create_node:178 - Create node_id = 98, children = None
2024-12-23 17:42:26.618 | INFO     | Core.Graph.TreeGraph:_create_node:178 - Create node_id = 99, children = None
2024-12-23 17:42:26.773 | INFO     | Core.Graph.TreeGraph:_create_node:178 - Create node_id = 100, children = None
2024-12-23 17:42:26.835 | INFO     | Core.Graph.TreeGraph:_create_node:178 - Create node_id = 101, children = None
2024-12-23 17:42:26.841 | INFO     | Core.Graph.TreeGraph:_create_node:178 - Create node_id = 102, children = None
2024-12-23 17:42:26.891 | INFO     | Core.Graph.TreeGraph:_create_node:178 - Create node_id = 103, children = None
2024-12-23 17:42:26.978 | INFO     | Core.Graph.TreeGraph:_create_node:178 - Create node_id = 104, children = None
2024-12-23 17:42:26.996 | INFO     | Core.Graph.TreeGraph:_create_node:178 - Create node_id = 105, children = None
2024-12-23 17:42:27.043 | INFO     | Core.Graph.TreeGraph:_create_node:178 - Create node_id = 106, children = None
2024-12-23 17:42:27.087 | INFO     | Core.Graph.TreeGraph:_create_node:178 - Create node_id = 107, children = None
2024-12-23 17:42:27.231 | INFO     | Core.Graph.TreeGraph:_create_node:178 - Create node_id = 108, children = None
2024-12-23 17:42:27.258 | INFO     | Core.Graph.TreeGraph:_create_node:178 - Create node_id = 109, children = None
2024-12-23 17:42:27.415 | INFO     | Core.Graph.TreeGraph:_create_node:178 - Create node_id = 110, children = None
2024-12-23 17:42:27.509 | INFO     | Core.Graph.TreeGraph:_create_node:178 - Create node_id = 111, children = None
2024-12-23 17:42:27.512 | INFO     | Core.Graph.TreeGraph:_create_node:178 - Create node_id = 112, children = None
2024-12-23 17:42:27.555 | INFO     | Core.Graph.TreeGraph:_create_node:178 - Create node_id = 113, children = None
2024-12-23 17:42:27.582 | INFO     | Core.Graph.TreeGraph:_create_node:178 - Create node_id = 114, children = None
2024-12-23 17:42:27.597 | INFO     | Core.Graph.TreeGraph:_create_node:178 - Create node_id = 115, children = None
2024-12-23 17:42:27.626 | INFO     | Core.Graph.TreeGraph:_create_node:178 - Create node_id = 116, children = None
2024-12-23 17:42:27.804 | INFO     | Core.Graph.TreeGraph:_create_node:178 - Create node_id = 117, children = None
2024-12-23 17:42:28.078 | INFO     | Core.Graph.TreeGraph:_create_node:178 - Create node_id = 118, children = None
2024-12-23 17:42:28.313 | INFO     | Core.Graph.TreeGraph:_create_node:178 - Create node_id = 119, children = None
2024-12-23 17:42:28.357 | INFO     | Core.Graph.TreeGraph:_create_node:178 - Create node_id = 120, children = None
2024-12-23 17:42:28.527 | INFO     | Core.Graph.TreeGraph:_create_node:178 - Create node_id = 121, children = None
2024-12-23 17:42:28.561 | INFO     | Core.Graph.TreeGraph:_create_node:178 - Create node_id = 122, children = None
2024-12-23 17:42:28.648 | INFO     | Core.Graph.TreeGraph:_create_node:178 - Create node_id = 123, children = None
2024-12-23 17:42:28.654 | INFO     | Core.Graph.TreeGraph:_create_node:178 - Create node_id = 124, children = None
2024-12-23 17:42:28.686 | INFO     | Core.Graph.TreeGraph:_create_node:178 - Create node_id = 125, children = None
2024-12-23 17:42:28.760 | INFO     | Core.Graph.TreeGraph:_create_node:178 - Create node_id = 126, children = None
2024-12-23 17:42:28.769 | INFO     | Core.Graph.TreeGraph:_create_node:178 - Create node_id = 127, children = None
2024-12-23 17:42:28.796 | INFO     | Core.Graph.TreeGraph:_create_node:178 - Create node_id = 128, children = None
2024-12-23 17:42:28.948 | INFO     | Core.Graph.TreeGraph:_create_node:178 - Create node_id = 129, children = None
2024-12-23 17:42:28.979 | INFO     | Core.Graph.TreeGraph:_create_node:178 - Create node_id = 130, children = None
2024-12-23 17:42:28.981 | INFO     | Core.Graph.TreeGraph:_create_node:178 - Create node_id = 130, children = None
2024-12-23 17:42:29.036 | INFO     | Core.Graph.TreeGraph:_create_node:178 - Create node_id = 132, children = None
2024-12-23 17:42:29.045 | INFO     | Core.Graph.TreeGraph:_create_node:178 - Create node_id = 133, children = None
2024-12-23 17:42:29.155 | INFO     | Core.Graph.TreeGraph:_create_node:178 - Create node_id = 134, children = None
2024-12-23 17:42:29.330 | INFO     | Core.Graph.TreeGraph:_create_node:178 - Create node_id = 135, children = None
2024-12-23 17:42:29.429 | INFO     | Core.Graph.TreeGraph:_create_node:178 - Create node_id = 136, children = None
2024-12-23 17:42:29.558 | INFO     | Core.Graph.TreeGraph:_create_node:178 - Create node_id = 137, children = None
2024-12-23 17:42:29.982 | INFO     | Core.Graph.TreeGraph:_create_node:178 - Create node_id = 138, children = None
2024-12-23 17:42:29.994 | INFO     | Core.Graph.TreeGraph:_create_node:178 - Create node_id = 139, children = None
2024-12-23 17:42:30.035 | INFO     | Core.Graph.TreeGraph:_create_node:178 - Create node_id = 140, children = None
2024-12-23 17:42:30.100 | INFO     | Core.Graph.TreeGraph:_create_node:178 - Create node_id = 141, children = None
2024-12-23 17:42:30.184 | INFO     | Core.Graph.TreeGraph:_create_node:178 - Create node_id = 142, children = None
2024-12-23 17:42:30.285 | INFO     | Core.Graph.TreeGraph:_create_node:178 - Create node_id = 143, children = None
2024-12-23 17:42:30.325 | INFO     | Core.Graph.TreeGraph:_create_node:178 - Create node_id = 144, children = None
2024-12-23 17:42:30.355 | INFO     | Core.Graph.TreeGraph:_create_node:178 - Create node_id = 145, children = None
2024-12-23 17:42:30.391 | INFO     | Core.Graph.TreeGraph:_create_node:178 - Create node_id = 146, children = None
2024-12-23 17:42:30.433 | INFO     | Core.Graph.TreeGraph:_create_node:178 - Create node_id = 147, children = None
2024-12-23 17:42:30.473 | INFO     | Core.Graph.TreeGraph:_create_node:178 - Create node_id = 148, children = None
2024-12-23 17:42:30.474 | INFO     | Core.Graph.TreeGraph:_create_node:178 - Create node_id = 148, children = None
2024-12-23 17:42:30.582 | INFO     | Core.Graph.TreeGraph:_create_node:178 - Create node_id = 150, children = None
2024-12-23 17:42:30.639 | INFO     | Core.Graph.TreeGraph:_create_node:178 - Create node_id = 151, children = None
2024-12-23 17:42:30.676 | INFO     | Core.Graph.TreeGraph:_create_node:178 - Create node_id = 152, children = None
2024-12-23 17:42:30.682 | INFO     | Core.Graph.TreeGraph:_create_node:178 - Create node_id = 153, children = None
2024-12-23 17:42:30.702 | INFO     | Core.Graph.TreeGraph:_create_node:178 - Create node_id = 154, children = None
2024-12-23 17:42:30.932 | INFO     | Core.Graph.TreeGraph:_create_node:178 - Create node_id = 155, children = None
2024-12-23 17:42:31.004 | INFO     | Core.Graph.TreeGraph:_create_node:178 - Create node_id = 156, children = None
2024-12-23 17:42:31.011 | INFO     | Core.Graph.TreeGraph:_create_node:178 - Create node_id = 157, children = None
2024-12-23 17:42:31.372 | INFO     | Core.Graph.TreeGraph:_create_node:178 - Create node_id = 158, children = None
2024-12-23 17:42:31.429 | INFO     | Core.Graph.TreeGraph:_create_node:178 - Create node_id = 159, children = None
2024-12-23 17:42:31.460 | INFO     | Core.Graph.TreeGraph:_create_node:178 - Create node_id = 160, children = None
2024-12-23 17:42:31.567 | INFO     | Core.Graph.TreeGraph:_create_node:178 - Create node_id = 161, children = None
2024-12-23 17:42:31.648 | INFO     | Core.Graph.TreeGraph:_create_node:178 - Create node_id = 162, children = None
2024-12-23 17:42:31.674 | INFO     | Core.Graph.TreeGraph:_create_node:178 - Create node_id = 163, children = None
2024-12-23 17:42:31.724 | INFO     | Core.Graph.TreeGraph:_create_node:178 - Create node_id = 164, children = None
2024-12-23 17:42:31.730 | INFO     | Core.Graph.TreeGraph:_create_node:178 - Create node_id = 165, children = None
2024-12-23 17:42:31.860 | INFO     | Core.Graph.TreeGraph:_create_node:178 - Create node_id = 166, children = None
2024-12-23 17:42:31.876 | INFO     | Core.Graph.TreeGraph:_create_node:178 - Create node_id = 167, children = None
2024-12-23 17:42:31.881 | INFO     | Core.Graph.TreeGraph:_create_node:178 - Create node_id = 168, children = None
2024-12-23 17:42:31.887 | INFO     | Core.Graph.TreeGraph:_create_node:178 - Create node_id = 169, children = None
2024-12-23 17:42:31.922 | INFO     | Core.Graph.TreeGraph:_create_node:178 - Create node_id = 170, children = None
2024-12-23 17:42:31.940 | INFO     | Core.Graph.TreeGraph:_create_node:178 - Create node_id = 171, children = None
2024-12-23 17:42:32.044 | INFO     | Core.Graph.TreeGraph:_create_node:178 - Create node_id = 172, children = None
2024-12-23 17:42:32.046 | INFO     | Core.Graph.TreeGraph:_create_node:178 - Create node_id = 173, children = None
2024-12-23 17:42:32.054 | INFO     | Core.Graph.TreeGraph:_create_node:178 - Create node_id = 174, children = None
2024-12-23 17:42:32.065 | INFO     | Core.Graph.TreeGraph:_create_node:178 - Create node_id = 175, children = None
2024-12-23 17:42:32.136 | INFO     | Core.Graph.TreeGraph:_create_node:178 - Create node_id = 176, children = None
2024-12-23 17:42:32.415 | INFO     | Core.Graph.TreeGraph:_create_node:178 - Create node_id = 177, children = None
2024-12-23 17:42:32.786 | INFO     | Core.Graph.TreeGraph:_create_node:178 - Create node_id = 178, children = None
2024-12-23 17:42:32.788 | INFO     | Core.Graph.TreeGraph:_create_node:178 - Create node_id = 178, children = None
2024-12-23 17:42:32.806 | INFO     | Core.Graph.TreeGraph:_create_node:178 - Create node_id = 180, children = None
2024-12-23 17:42:33.153 | INFO     | Core.Graph.TreeGraph:_create_node:178 - Create node_id = 181, children = None
2024-12-23 17:42:33.181 | INFO     | Core.Graph.TreeGraph:_create_node:178 - Create node_id = 182, children = None
2024-12-23 17:42:33.229 | INFO     | Core.Graph.TreeGraph:_create_node:178 - Create node_id = 183, children = None
2024-12-23 17:42:33.276 | INFO     | Core.Graph.TreeGraph:_create_node:178 - Create node_id = 184, children = None
2024-12-23 17:42:33.305 | INFO     | Core.Graph.TreeGraph:_create_node:178 - Create node_id = 185, children = None
2024-12-23 17:42:33.560 | INFO     | Core.Graph.TreeGraph:_create_node:178 - Create node_id = 186, children = None
2024-12-23 17:42:33.580 | INFO     | Core.Graph.TreeGraph:_create_node:178 - Create node_id = 187, children = None
2024-12-23 17:42:33.586 | INFO     | Core.Graph.TreeGraph:_create_node:178 - Create node_id = 188, children = None
2024-12-23 17:42:33.630 | INFO     | Core.Graph.TreeGraph:_create_node:178 - Create node_id = 189, children = None
2024-12-23 17:42:33.678 | INFO     | Core.Graph.TreeGraph:_create_node:178 - Create node_id = 190, children = None
2024-12-23 17:42:33.767 | INFO     | Core.Graph.TreeGraph:_create_node:178 - Create node_id = 191, children = None
2024-12-23 17:42:33.774 | INFO     | Core.Graph.TreeGraph:_create_node:178 - Create node_id = 192, children = None
2024-12-23 17:42:33.846 | INFO     | Core.Graph.TreeGraph:_create_node:178 - Create node_id = 193, children = None
2024-12-23 17:42:33.869 | INFO     | Core.Graph.TreeGraph:_create_node:178 - Create node_id = 194, children = None
2024-12-23 17:42:33.891 | INFO     | Core.Graph.TreeGraph:_create_node:178 - Create node_id = 195, children = None
2024-12-23 17:42:34.111 | INFO     | Core.Graph.TreeGraph:_create_node:178 - Create node_id = 196, children = None
2024-12-23 17:42:34.141 | INFO     | Core.Graph.TreeGraph:_create_node:178 - Create node_id = 197, children = None
2024-12-23 17:42:34.412 | INFO     | Core.Graph.TreeGraph:_create_node:178 - Create node_id = 198, children = None
2024-12-23 17:42:34.444 | INFO     | Core.Graph.TreeGraph:_create_node:178 - Create node_id = 199, children = None
2024-12-23 17:42:34.699 | INFO     | Core.Graph.TreeGraph:_create_node:178 - Create node_id = 200, children = None
2024-12-23 17:42:34.705 | INFO     | Core.Graph.TreeGraph:_create_node:178 - Create node_id = 201, children = None
2024-12-23 17:42:34.751 | INFO     | Core.Graph.TreeGraph:_create_node:178 - Create node_id = 202, children = None
2024-12-23 17:42:34.861 | INFO     | Core.Graph.TreeGraph:_create_node:178 - Create node_id = 203, children = None
2024-12-23 17:42:34.905 | INFO     | Core.Graph.TreeGraph:_create_node:178 - Create node_id = 204, children = None
2024-12-23 17:42:34.940 | INFO     | Core.Graph.TreeGraph:_create_node:178 - Create node_id = 205, children = None
2024-12-23 17:42:34.960 | INFO     | Core.Graph.TreeGraph:_create_node:178 - Create node_id = 206, children = None
2024-12-23 17:42:35.011 | INFO     | Core.Graph.TreeGraph:_create_node:178 - Create node_id = 207, children = None
2024-12-23 17:42:35.218 | INFO     | Core.Graph.TreeGraph:_create_node:178 - Create node_id = 208, children = None
2024-12-23 17:42:35.237 | INFO     | Core.Graph.TreeGraph:_create_node:178 - Create node_id = 209, children = None
2024-12-23 17:42:35.330 | INFO     | Core.Graph.TreeGraph:_create_node:178 - Create node_id = 210, children = None
2024-12-23 17:42:35.332 | INFO     | Core.Graph.TreeGraph:_create_node:178 - Create node_id = 210, children = None
2024-12-23 17:42:35.341 | INFO     | Core.Graph.TreeGraph:_create_node:178 - Create node_id = 212, children = None
2024-12-23 17:42:35.346 | INFO     | Core.Graph.TreeGraph:_create_node:178 - Create node_id = 213, children = None
2024-12-23 17:42:35.389 | INFO     | Core.Graph.TreeGraph:_create_node:178 - Create node_id = 214, children = None
2024-12-23 17:42:35.470 | INFO     | Core.Graph.TreeGraph:_create_node:178 - Create node_id = 215, children = None
2024-12-23 17:42:35.508 | INFO     | Core.Graph.TreeGraph:_create_node:178 - Create node_id = 216, children = None
2024-12-23 17:42:35.559 | INFO     | Core.Graph.TreeGraph:_create_node:178 - Create node_id = 217, children = None
2024-12-23 17:42:36.009 | INFO     | Core.Graph.TreeGraph:_create_node:178 - Create node_id = 218, children = None
2024-12-23 17:42:36.015 | INFO     | Core.Graph.TreeGraph:_create_node:178 - Create node_id = 219, children = None
2024-12-23 17:42:36.104 | INFO     | Core.Graph.TreeGraph:_create_node:178 - Create node_id = 220, children = None
2024-12-23 17:42:36.356 | INFO     | Core.Graph.TreeGraph:_create_node:178 - Create node_id = 221, children = None
2024-12-23 17:42:36.362 | INFO     | Core.Graph.TreeGraph:_create_node:178 - Create node_id = 222, children = None
2024-12-23 17:42:36.408 | INFO     | Core.Graph.TreeGraph:_create_node:178 - Create node_id = 223, children = None
2024-12-23 17:42:36.442 | INFO     | Core.Graph.TreeGraph:_create_node:178 - Create node_id = 224, children = None
2024-12-23 17:42:36.448 | INFO     | Core.Graph.TreeGraph:_create_node:178 - Create node_id = 225, children = None
2024-12-23 17:42:36.467 | INFO     | Core.Graph.TreeGraph:_create_node:178 - Create node_id = 226, children = None
2024-12-23 17:42:36.529 | INFO     | Core.Graph.TreeGraph:_create_node:178 - Create node_id = 227, children = None
2024-12-23 17:42:36.688 | INFO     | Core.Graph.TreeGraph:_create_node:178 - Create node_id = 228, children = None
2024-12-23 17:42:36.710 | INFO     | Core.Graph.TreeGraph:_create_node:178 - Create node_id = 229, children = None
2024-12-23 17:42:36.778 | INFO     | Core.Graph.TreeGraph:_create_node:178 - Create node_id = 230, children = None
2024-12-23 17:42:36.784 | INFO     | Core.Graph.TreeGraph:_create_node:178 - Create node_id = 231, children = None
2024-12-23 17:42:36.867 | INFO     | Core.Graph.TreeGraph:_create_node:178 - Create node_id = 232, children = None
2024-12-23 17:42:36.902 | INFO     | Core.Graph.TreeGraph:_create_node:178 - Create node_id = 233, children = None
2024-12-23 17:42:36.997 | INFO     | Core.Graph.TreeGraph:_create_node:178 - Create node_id = 234, children = None
2024-12-23 17:42:37.024 | INFO     | Core.Graph.TreeGraph:_create_node:178 - Create node_id = 235, children = None
2024-12-23 17:42:37.026 | INFO     | Core.Graph.TreeGraph:_create_node:178 - Create node_id = 235, children = None
2024-12-23 17:42:37.109 | INFO     | Core.Graph.TreeGraph:_create_node:178 - Create node_id = 237, children = None
2024-12-23 17:42:37.120 | INFO     | Core.Graph.TreeGraph:_create_node:178 - Create node_id = 238, children = None
2024-12-23 17:42:37.135 | INFO     | Core.Graph.TreeGraph:_create_node:178 - Create node_id = 239, children = None
2024-12-23 17:42:37.325 | INFO     | Core.Graph.TreeGraph:_create_node:178 - Create node_id = 240, children = None
2024-12-23 17:42:37.479 | INFO     | Core.Graph.TreeGraph:_create_node:178 - Create node_id = 241, children = None
2024-12-23 17:42:37.484 | INFO     | Core.Graph.TreeGraph:_create_node:178 - Create node_id = 242, children = None
2024-12-23 17:42:37.550 | INFO     | Core.Graph.TreeGraph:_create_node:178 - Create node_id = 243, children = None
2024-12-23 17:42:37.585 | INFO     | Core.Graph.TreeGraph:_create_node:178 - Create node_id = 244, children = None
2024-12-23 17:42:37.611 | INFO     | Core.Graph.TreeGraph:_create_node:178 - Create node_id = 245, children = None
2024-12-23 17:42:37.659 | INFO     | Core.Graph.TreeGraph:_create_node:178 - Create node_id = 246, children = None
2024-12-23 17:42:37.728 | INFO     | Core.Graph.TreeGraph:_create_node:178 - Create node_id = 247, children = None
2024-12-23 17:42:37.919 | INFO     | Core.Graph.TreeGraph:_create_node:178 - Create node_id = 248, children = None
2024-12-23 17:42:38.063 | INFO     | Core.Graph.TreeGraph:_create_node:178 - Create node_id = 249, children = None
2024-12-23 17:42:38.068 | INFO     | Core.Graph.TreeGraph:_create_node:178 - Create node_id = 250, children = None
2024-12-23 17:42:38.171 | INFO     | Core.Graph.TreeGraph:_create_node:178 - Create node_id = 251, children = None
2024-12-23 17:42:38.177 | INFO     | Core.Graph.TreeGraph:_create_node:178 - Create node_id = 252, children = None
2024-12-23 17:42:38.282 | INFO     | Core.Graph.TreeGraph:_create_node:178 - Create node_id = 253, children = None
2024-12-23 17:42:38.395 | INFO     | Core.Graph.TreeGraph:_create_node:178 - Create node_id = 254, children = None
2024-12-23 17:42:38.444 | INFO     | Core.Graph.TreeGraph:_create_node:178 - Create node_id = 255, children = None
2024-12-23 17:42:38.456 | INFO     | Core.Graph.TreeGraph:_create_node:178 - Create node_id = 256, children = None
2024-12-23 17:42:38.568 | INFO     | Core.Graph.TreeGraph:_create_node:178 - Create node_id = 257, children = None
2024-12-23 17:42:38.690 | INFO     | Core.Graph.TreeGraph:_create_node:178 - Create node_id = 258, children = None
2024-12-23 17:42:38.748 | INFO     | Core.Graph.TreeGraph:_create_node:178 - Create node_id = 259, children = None
2024-12-23 17:42:38.863 | INFO     | Core.Graph.TreeGraph:_create_node:178 - Create node_id = 260, children = None
2024-12-23 17:42:38.886 | INFO     | Core.Graph.TreeGraph:_create_node:178 - Create node_id = 261, children = None
2024-12-23 17:42:39.044 | INFO     | Core.Graph.TreeGraph:_create_node:178 - Create node_id = 262, children = None
2024-12-23 17:42:39.118 | INFO     | Core.Graph.TreeGraph:_create_node:178 - Create node_id = 263, children = None
2024-12-23 17:42:39.128 | INFO     | Core.Graph.TreeGraph:_create_node:178 - Create node_id = 264, children = None
2024-12-23 17:42:39.230 | INFO     | Core.Graph.TreeGraph:_create_node:178 - Create node_id = 265, children = None
2024-12-23 17:42:39.246 | INFO     | Core.Graph.TreeGraph:_create_node:178 - Create node_id = 266, children = None
2024-12-23 17:42:39.286 | INFO     | Core.Graph.TreeGraph:_create_node:178 - Create node_id = 267, children = None
2024-12-23 17:42:39.453 | INFO     | Core.Graph.TreeGraph:_create_node:178 - Create node_id = 268, children = None
2024-12-23 17:42:39.541 | INFO     | Core.Graph.TreeGraph:_create_node:178 - Create node_id = 269, children = None
2024-12-23 17:42:39.654 | INFO     | Core.Graph.TreeGraph:_create_node:178 - Create node_id = 270, children = None
2024-12-23 17:42:39.711 | INFO     | Core.Graph.TreeGraph:_create_node:178 - Create node_id = 271, children = None
2024-12-23 17:42:39.735 | INFO     | Core.Graph.TreeGraph:_create_node:178 - Create node_id = 272, children = None
2024-12-23 17:42:39.744 | INFO     | Core.Graph.TreeGraph:_create_node:178 - Create node_id = 273, children = None
2024-12-23 17:42:39.825 | INFO     | Core.Graph.TreeGraph:_create_node:178 - Create node_id = 274, children = None
2024-12-23 17:42:40.142 | INFO     | Core.Graph.TreeGraph:_create_node:178 - Create node_id = 275, children = None
2024-12-23 17:42:40.169 | INFO     | Core.Graph.TreeGraph:_create_node:178 - Create node_id = 276, children = None
2024-12-23 17:42:40.234 | INFO     | Core.Graph.TreeGraph:_create_node:178 - Create node_id = 277, children = None
2024-12-23 17:42:40.238 | INFO     | Core.Graph.TreeGraph:_create_node:178 - Create node_id = 278, children = None
2024-12-23 17:42:40.266 | INFO     | Core.Graph.TreeGraph:_create_node:178 - Create node_id = 279, children = None
2024-12-23 17:42:40.305 | INFO     | Core.Graph.TreeGraph:_create_node:178 - Create node_id = 280, children = None
2024-12-23 17:42:40.407 | INFO     | Core.Graph.TreeGraph:_create_node:178 - Create node_id = 281, children = None
2024-12-23 17:42:40.441 | INFO     | Core.Graph.TreeGraph:_create_node:178 - Create node_id = 282, children = None
2024-12-23 17:42:40.626 | INFO     | Core.Graph.TreeGraph:_create_node:178 - Create node_id = 283, children = None
2024-12-23 17:42:40.637 | INFO     | Core.Graph.TreeGraph:_create_node:178 - Create node_id = 284, children = None
2024-12-23 17:42:40.738 | INFO     | Core.Graph.TreeGraph:_create_node:178 - Create node_id = 285, children = None
2024-12-23 17:42:40.744 | INFO     | Core.Graph.TreeGraph:_create_node:178 - Create node_id = 286, children = None
2024-12-23 17:42:40.866 | INFO     | Core.Graph.TreeGraph:_create_node:178 - Create node_id = 287, children = None
2024-12-23 17:42:41.109 | INFO     | Core.Graph.TreeGraph:_create_node:178 - Create node_id = 288, children = None
2024-12-23 17:42:41.274 | INFO     | Core.Graph.TreeGraph:_create_node:178 - Create node_id = 289, children = None
2024-12-23 17:42:41.281 | INFO     | Core.Graph.TreeGraph:_create_node:178 - Create node_id = 290, children = None
2024-12-23 17:42:41.302 | INFO     | Core.Graph.TreeGraph:_create_node:178 - Create node_id = 291, children = None
2024-12-23 17:42:41.353 | INFO     | Core.Graph.TreeGraph:_create_node:178 - Create node_id = 292, children = None
2024-12-23 17:42:41.440 | INFO     | Core.Graph.TreeGraph:_create_node:178 - Create node_id = 293, children = None
2024-12-23 17:42:41.446 | INFO     | Core.Graph.TreeGraph:_create_node:178 - Create node_id = 294, children = None
2024-12-23 17:42:41.712 | INFO     | Core.Graph.TreeGraph:_create_node:178 - Create node_id = 295, children = None
2024-12-23 17:42:41.804 | INFO     | Core.Graph.TreeGraph:_create_node:178 - Create node_id = 296, children = None
2024-12-23 17:42:41.834 | INFO     | Core.Graph.TreeGraph:_create_node:178 - Create node_id = 297, children = None
2024-12-23 17:42:41.858 | INFO     | Core.Graph.TreeGraph:_create_node:178 - Create node_id = 298, children = None
2024-12-23 17:42:41.889 | INFO     | Core.Graph.TreeGraph:_create_node:178 - Create node_id = 299, children = None
2024-12-23 17:42:41.892 | INFO     | Core.Graph.TreeGraph:_create_node:178 - Create node_id = 300, children = None
2024-12-23 17:42:41.902 | INFO     | Core.Graph.TreeGraph:_create_node:178 - Create node_id = 301, children = None
2024-12-23 17:42:41.954 | INFO     | Core.Graph.TreeGraph:_create_node:178 - Create node_id = 302, children = None
2024-12-23 17:42:41.970 | INFO     | Core.Graph.TreeGraph:_create_node:178 - Create node_id = 303, children = None
2024-12-23 17:42:42.003 | INFO     | Core.Graph.TreeGraph:_create_node:178 - Create node_id = 304, children = None
2024-12-23 17:42:42.032 | INFO     | Core.Graph.TreeGraph:_create_node:178 - Create node_id = 305, children = None
2024-12-23 17:42:42.204 | INFO     | Core.Graph.TreeGraph:_create_node:178 - Create node_id = 306, children = None
2024-12-23 17:42:42.300 | INFO     | Core.Graph.TreeGraph:_create_node:178 - Create node_id = 307, children = None
2024-12-23 17:42:42.443 | INFO     | Core.Graph.TreeGraph:_create_node:178 - Create node_id = 308, children = None
2024-12-23 17:42:42.482 | INFO     | Core.Graph.TreeGraph:_create_node:178 - Create node_id = 309, children = None
2024-12-23 17:42:42.496 | INFO     | Core.Graph.TreeGraph:_create_node:178 - Create node_id = 310, children = None
2024-12-23 17:42:42.844 | INFO     | Core.Graph.TreeGraph:_create_node:178 - Create node_id = 311, children = None
2024-12-23 17:42:42.936 | INFO     | Core.Graph.TreeGraph:_create_node:178 - Create node_id = 312, children = None
2024-12-23 17:42:43.144 | INFO     | Core.Graph.TreeGraph:_create_node:178 - Create node_id = 313, children = None
2024-12-23 17:42:43.183 | INFO     | Core.Graph.TreeGraph:_create_node:178 - Create node_id = 314, children = None
2024-12-23 17:42:43.302 | INFO     | Core.Graph.TreeGraph:_create_node:178 - Create node_id = 315, children = None
2024-12-23 17:42:43.314 | INFO     | Core.Graph.TreeGraph:_create_node:178 - Create node_id = 316, children = None
2024-12-23 17:42:43.328 | INFO     | Core.Graph.TreeGraph:_create_node:178 - Create node_id = 317, children = None
2024-12-23 17:42:43.357 | INFO     | Core.Graph.TreeGraph:_create_node:178 - Create node_id = 318, children = None
2024-12-23 17:42:43.367 | INFO     | Core.Graph.TreeGraph:_create_node:178 - Create node_id = 319, children = None
2024-12-23 17:42:43.371 | INFO     | Core.Graph.TreeGraph:_create_node:178 - Create node_id = 320, children = None
2024-12-23 17:42:43.393 | INFO     | Core.Graph.TreeGraph:_create_node:178 - Create node_id = 321, children = None
2024-12-23 17:42:43.569 | INFO     | Core.Graph.TreeGraph:_create_node:178 - Create node_id = 322, children = None
2024-12-23 17:42:43.595 | INFO     | Core.Graph.TreeGraph:_create_node:178 - Create node_id = 323, children = None
2024-12-23 17:42:43.696 | INFO     | Core.Graph.TreeGraph:_create_node:178 - Create node_id = 324, children = None
2024-12-23 17:42:43.731 | INFO     | Core.Graph.TreeGraph:_create_node:178 - Create node_id = 325, children = None
2024-12-23 17:42:43.800 | INFO     | Core.Graph.TreeGraph:_create_node:178 - Create node_id = 326, children = None
2024-12-23 17:42:43.810 | INFO     | Core.Graph.TreeGraph:_create_node:178 - Create node_id = 327, children = None
2024-12-23 17:42:43.937 | INFO     | Core.Graph.TreeGraph:_create_node:178 - Create node_id = 328, children = None
2024-12-23 17:42:43.950 | INFO     | Core.Graph.TreeGraph:_create_node:178 - Create node_id = 329, children = None
2024-12-23 17:42:43.992 | INFO     | Core.Graph.TreeGraph:_create_node:178 - Create node_id = 330, children = None
2024-12-23 17:42:44.196 | INFO     | Core.Graph.TreeGraph:_create_node:178 - Create node_id = 331, children = None
2024-12-23 17:42:44.373 | INFO     | Core.Graph.TreeGraph:_create_node:178 - Create node_id = 332, children = None
2024-12-23 17:42:44.559 | INFO     | Core.Graph.TreeGraph:_create_node:178 - Create node_id = 333, children = None
2024-12-23 17:42:44.759 | INFO     | Core.Graph.TreeGraph:_create_node:178 - Create node_id = 334, children = None
2024-12-23 17:42:44.786 | INFO     | Core.Graph.TreeGraph:_create_node:178 - Create node_id = 335, children = None
2024-12-23 17:42:44.856 | INFO     | Core.Graph.TreeGraph:_create_node:178 - Create node_id = 336, children = None
2024-12-23 17:42:44.877 | INFO     | Core.Graph.TreeGraph:_create_node:178 - Create node_id = 337, children = None
2024-12-23 17:42:44.886 | INFO     | Core.Graph.TreeGraph:_create_node:178 - Create node_id = 338, children = None
2024-12-23 17:42:44.888 | INFO     | Core.Graph.TreeGraph:_create_node:178 - Create node_id = 339, children = None
2024-12-23 17:42:44.921 | INFO     | Core.Graph.TreeGraph:_create_node:178 - Create node_id = 340, children = None
2024-12-23 17:42:44.923 | INFO     | Core.Graph.TreeGraph:_create_node:178 - Create node_id = 340, children = None
2024-12-23 17:42:44.946 | INFO     | Core.Graph.TreeGraph:_create_node:178 - Create node_id = 342, children = None
2024-12-23 17:42:44.949 | INFO     | Core.Graph.TreeGraph:_create_node:178 - Create node_id = 343, children = None
2024-12-23 17:42:45.170 | INFO     | Core.Graph.TreeGraph:_create_node:178 - Create node_id = 344, children = None
2024-12-23 17:42:45.190 | INFO     | Core.Graph.TreeGraph:_create_node:178 - Create node_id = 345, children = None
2024-12-23 17:42:45.213 | INFO     | Core.Graph.TreeGraph:_create_node:178 - Create node_id = 346, children = None
2024-12-23 17:42:45.223 | INFO     | Core.Graph.TreeGraph:_create_node:178 - Create node_id = 347, children = None
2024-12-23 17:42:45.377 | INFO     | Core.Graph.TreeGraph:_create_node:178 - Create node_id = 348, children = None
2024-12-23 17:42:45.432 | INFO     | Core.Graph.TreeGraph:_create_node:178 - Create node_id = 349, children = None
2024-12-23 17:42:45.540 | INFO     | Core.Graph.TreeGraph:_create_node:178 - Create node_id = 350, children = None
2024-12-23 17:42:45.552 | INFO     | Core.Graph.TreeGraph:_create_node:178 - Create node_id = 351, children = None
2024-12-23 17:42:46.082 | INFO     | Core.Graph.TreeGraph:_create_node:178 - Create node_id = 352, children = None
2024-12-23 17:42:46.159 | INFO     | Core.Graph.TreeGraph:_create_node:178 - Create node_id = 353, children = None
2024-12-23 17:42:46.181 | INFO     | Core.Graph.TreeGraph:_create_node:178 - Create node_id = 354, children = None
2024-12-23 17:42:46.342 | INFO     | Core.Graph.TreeGraph:_create_node:178 - Create node_id = 355, children = None
2024-12-23 17:42:46.437 | INFO     | Core.Graph.TreeGraph:_create_node:178 - Create node_id = 356, children = None
2024-12-23 17:42:46.627 | INFO     | Core.Graph.TreeGraph:_create_node:178 - Create node_id = 357, children = None
2024-12-23 17:42:46.643 | INFO     | Core.Graph.TreeGraph:_create_node:178 - Create node_id = 358, children = None
2024-12-23 17:42:46.655 | INFO     | Core.Graph.TreeGraph:_create_node:178 - Create node_id = 359, children = None
2024-12-23 17:42:47.223 | INFO     | Core.Graph.TreeGraph:_create_node:178 - Create node_id = 360, children = None
2024-12-23 17:42:47.373 | INFO     | Core.Graph.TreeGraph:_create_node:178 - Create node_id = 361, children = None
2024-12-23 17:42:48.001 | INFO     | Core.Graph.TreeGraph:_create_node:178 - Create node_id = 362, children = None
2024-12-23 17:42:48.371 | INFO     | Core.Graph.TreeGraph:_create_node:178 - Create node_id = 363, children = None
2024-12-23 17:42:48.511 | INFO     | Core.Graph.TreeGraph:_create_node:178 - Create node_id = 364, children = None
2024-12-23 17:42:50.711 | INFO     | Core.Graph.TreeGraph:_create_node:178 - Create node_id = 365, children = None
2024-12-23 17:42:50.712 | INFO     | Core.Graph.TreeGraph:_build_graph:257 - Created 366 Leaf Embeddings
2024-12-23 17:42:50.713 | INFO     | Core.Graph.TreeGraph:_build_tree_from_leaves:213 - length of layer: 366
2024-12-23 17:42:50.717 | INFO     | Core.Graph.TreeGraph:_perform_clustering:51 - Length of embeddings: 366
