2024-12-23 17:31:52.538 | WARNING  | Core.GraphRAG:_register_e2r_r2c_matrix:131 - Tree graph is not supported for entity-link-chunk mapping. Skipping entity-link-chunk mapping.
2024-12-23 17:31:52.567 | INFO     | Core.Chunk.DocChunk:build_chunks:27 - Starting chunk the given documents
2024-12-23 17:31:52.568 | INFO     | Core.Storage.ChunkKVStorage:load_chunk:85 - Attempting to load the chunk data from: ./narrative/0/tree_graph/chunk_storage_chunk_data_idx.pkl and ./narrative/0/tree_graph/chunk_storage_chunk_data_key.pkl
2024-12-23 17:31:52.569 | INFO     | Core.Storage.ChunkKVStorage:load_chunk:93 - Successfully loaded chunk data (idx and key) from: ./narrative/0/tree_graph/chunk_storage_chunk_data_idx.pkl
2024-12-23 17:31:52.569 | INFO     | Core.Chunk.DocChunk:build_chunks:74 - ✅ Finished the chunking stage
2024-12-23 17:31:52.570 | INFO     | Core.GraphRAG:_update_costs_info:205 - Chunking stage cost: Total prompt token: 0, Total completeion token: 0, Total cost: 0
2024-12-23 17:31:52.570 | INFO     | Core.GraphRAG:_update_costs_info:207 - Chunking time(s): 0.00
2024-12-23 17:31:52.570 | INFO     | Core.Graph.BaseGraph:build_graph:42 - Starting build graph for the given documents
2024-12-23 17:31:52.570 | INFO     | Core.Storage.TreeGraphStorage:load_tree_graph:33 - Attempting to load the tree from: ./narrative/0/tree_graph/graph_storage_tree_data.pkl
2024-12-23 17:31:52.570 | INFO     | Core.Storage.TreeGraphStorage:load_tree_graph:47 - Pkl file does not exist! Need to build the tree from scratch.
2024-12-23 17:32:40.314 | INFO     | Core.Graph.TreeGraph:_build_graph:254 - 0
2024-12-23 17:32:40.315 | INFO     | Core.Graph.TreeGraph:_build_graph:254 - 1
2024-12-23 17:32:40.317 | INFO     | Core.Graph.TreeGraph:_build_graph:254 - 2
2024-12-23 17:32:40.318 | INFO     | Core.Graph.TreeGraph:_build_graph:254 - 3
2024-12-23 17:32:40.319 | INFO     | Core.Graph.TreeGraph:_build_graph:254 - 4
2024-12-23 17:32:40.320 | INFO     | Core.Graph.TreeGraph:_build_graph:254 - 5
2024-12-23 17:32:40.320 | INFO     | Core.Graph.TreeGraph:_build_graph:254 - 6
2024-12-23 17:32:40.320 | INFO     | Core.Graph.TreeGraph:_build_graph:254 - 7
2024-12-23 17:32:40.320 | INFO     | Core.Graph.TreeGraph:_build_graph:254 - 8
2024-12-23 17:32:40.321 | INFO     | Core.Graph.TreeGraph:_build_graph:254 - 9
2024-12-23 17:32:40.321 | INFO     | Core.Graph.TreeGraph:_build_graph:254 - 10
2024-12-23 17:32:40.321 | INFO     | Core.Graph.TreeGraph:_build_graph:254 - 11
2024-12-23 17:32:40.321 | INFO     | Core.Graph.TreeGraph:_build_graph:254 - 12
2024-12-23 17:32:40.321 | INFO     | Core.Graph.TreeGraph:_build_graph:254 - 13
2024-12-23 17:32:40.321 | INFO     | Core.Graph.TreeGraph:_build_graph:254 - 14
2024-12-23 17:32:40.321 | INFO     | Core.Graph.TreeGraph:_build_graph:254 - 15
2024-12-23 17:32:40.321 | INFO     | Core.Graph.TreeGraph:_build_graph:254 - 16
2024-12-23 17:32:40.321 | INFO     | Core.Graph.TreeGraph:_build_graph:254 - 17
2024-12-23 17:32:40.321 | INFO     | Core.Graph.TreeGraph:_build_graph:254 - 18
2024-12-23 17:32:40.322 | INFO     | Core.Graph.TreeGraph:_build_graph:254 - 19
2024-12-23 17:32:40.322 | INFO     | Core.Graph.TreeGraph:_build_graph:254 - 20
2024-12-23 17:32:40.322 | INFO     | Core.Graph.TreeGraph:_build_graph:254 - 21
2024-12-23 17:32:40.322 | INFO     | Core.Graph.TreeGraph:_build_graph:254 - 22
2024-12-23 17:32:40.322 | INFO     | Core.Graph.TreeGraph:_build_graph:254 - 23
2024-12-23 17:32:40.322 | INFO     | Core.Graph.TreeGraph:_build_graph:254 - 24
2024-12-23 17:32:40.322 | INFO     | Core.Graph.TreeGraph:_build_graph:254 - 25
2024-12-23 17:32:40.322 | INFO     | Core.Graph.TreeGraph:_build_graph:254 - 26
2024-12-23 17:32:40.322 | INFO     | Core.Graph.TreeGraph:_build_graph:254 - 27
2024-12-23 17:32:40.323 | INFO     | Core.Graph.TreeGraph:_build_graph:254 - 28
2024-12-23 17:32:40.323 | INFO     | Core.Graph.TreeGraph:_build_graph:254 - 29
2024-12-23 17:32:40.323 | INFO     | Core.Graph.TreeGraph:_build_graph:254 - 30
2024-12-23 17:32:40.323 | INFO     | Core.Graph.TreeGraph:_build_graph:254 - 31
2024-12-23 17:32:40.323 | INFO     | Core.Graph.TreeGraph:_build_graph:254 - 32
2024-12-23 17:32:40.323 | INFO     | Core.Graph.TreeGraph:_build_graph:254 - 33
2024-12-23 17:32:40.323 | INFO     | Core.Graph.TreeGraph:_build_graph:254 - 34
2024-12-23 17:32:40.324 | INFO     | Core.Graph.TreeGraph:_build_graph:254 - 35
2024-12-23 17:32:40.324 | INFO     | Core.Graph.TreeGraph:_build_graph:254 - 36
2024-12-23 17:32:40.324 | INFO     | Core.Graph.TreeGraph:_build_graph:254 - 37
2024-12-23 17:32:40.324 | INFO     | Core.Graph.TreeGraph:_build_graph:254 - 38
2024-12-23 17:32:40.324 | INFO     | Core.Graph.TreeGraph:_build_graph:254 - 39
2024-12-23 17:32:40.324 | INFO     | Core.Graph.TreeGraph:_build_graph:254 - 40
2024-12-23 17:32:40.324 | INFO     | Core.Graph.TreeGraph:_build_graph:254 - 41
2024-12-23 17:32:40.324 | INFO     | Core.Graph.TreeGraph:_build_graph:254 - 42
2024-12-23 17:32:40.324 | INFO     | Core.Graph.TreeGraph:_build_graph:254 - 43
2024-12-23 17:32:40.324 | INFO     | Core.Graph.TreeGraph:_build_graph:254 - 44
2024-12-23 17:32:40.325 | INFO     | Core.Graph.TreeGraph:_build_graph:254 - 45
2024-12-23 17:32:40.325 | INFO     | Core.Graph.TreeGraph:_build_graph:254 - 46
2024-12-23 17:32:40.325 | INFO     | Core.Graph.TreeGraph:_build_graph:254 - 47
2024-12-23 17:32:40.325 | INFO     | Core.Graph.TreeGraph:_build_graph:254 - 48
2024-12-23 17:32:40.325 | INFO     | Core.Graph.TreeGraph:_build_graph:254 - 49
2024-12-23 17:32:40.325 | INFO     | Core.Graph.TreeGraph:_build_graph:254 - 50
2024-12-23 17:32:40.325 | INFO     | Core.Graph.TreeGraph:_build_graph:254 - 51
2024-12-23 17:32:40.325 | INFO     | Core.Graph.TreeGraph:_build_graph:254 - 52
2024-12-23 17:32:40.325 | INFO     | Core.Graph.TreeGraph:_build_graph:254 - 53
2024-12-23 17:32:40.325 | INFO     | Core.Graph.TreeGraph:_build_graph:254 - 54
2024-12-23 17:32:40.326 | INFO     | Core.Graph.TreeGraph:_build_graph:254 - 55
2024-12-23 17:32:40.326 | INFO     | Core.Graph.TreeGraph:_build_graph:254 - 56
2024-12-23 17:32:40.326 | INFO     | Core.Graph.TreeGraph:_build_graph:254 - 57
2024-12-23 17:32:40.326 | INFO     | Core.Graph.TreeGraph:_build_graph:254 - 58
2024-12-23 17:32:40.326 | INFO     | Core.Graph.TreeGraph:_build_graph:254 - 59
2024-12-23 17:32:40.326 | INFO     | Core.Graph.TreeGraph:_build_graph:254 - 60
2024-12-23 17:32:40.326 | INFO     | Core.Graph.TreeGraph:_build_graph:254 - 61
2024-12-23 17:32:40.326 | INFO     | Core.Graph.TreeGraph:_build_graph:254 - 62
2024-12-23 17:32:40.326 | INFO     | Core.Graph.TreeGraph:_build_graph:254 - 63
2024-12-23 17:32:40.327 | INFO     | Core.Graph.TreeGraph:_build_graph:254 - 64
2024-12-23 17:32:40.327 | INFO     | Core.Graph.TreeGraph:_build_graph:254 - 65
2024-12-23 17:32:40.327 | INFO     | Core.Graph.TreeGraph:_build_graph:254 - 66
2024-12-23 17:32:40.327 | INFO     | Core.Graph.TreeGraph:_build_graph:254 - 67
2024-12-23 17:32:40.327 | INFO     | Core.Graph.TreeGraph:_build_graph:254 - 68
2024-12-23 17:32:40.327 | INFO     | Core.Graph.TreeGraph:_build_graph:254 - 69
2024-12-23 17:32:40.327 | INFO     | Core.Graph.TreeGraph:_build_graph:254 - 70
2024-12-23 17:32:40.327 | INFO     | Core.Graph.TreeGraph:_build_graph:254 - 71
2024-12-23 17:32:40.327 | INFO     | Core.Graph.TreeGraph:_build_graph:254 - 72
2024-12-23 17:32:40.327 | INFO     | Core.Graph.TreeGraph:_build_graph:254 - 73
2024-12-23 17:32:40.328 | INFO     | Core.Graph.TreeGraph:_build_graph:254 - 74
2024-12-23 17:32:40.328 | INFO     | Core.Graph.TreeGraph:_build_graph:254 - 75
2024-12-23 17:32:40.328 | INFO     | Core.Graph.TreeGraph:_build_graph:254 - 76
2024-12-23 17:32:40.328 | INFO     | Core.Graph.TreeGraph:_build_graph:254 - 77
2024-12-23 17:32:40.328 | INFO     | Core.Graph.TreeGraph:_build_graph:254 - 78
2024-12-23 17:32:40.328 | INFO     | Core.Graph.TreeGraph:_build_graph:254 - 79
2024-12-23 17:32:40.328 | INFO     | Core.Graph.TreeGraph:_build_graph:254 - 80
2024-12-23 17:32:40.328 | INFO     | Core.Graph.TreeGraph:_build_graph:254 - 81
2024-12-23 17:32:40.328 | INFO     | Core.Graph.TreeGraph:_build_graph:254 - 82
2024-12-23 17:32:40.328 | INFO     | Core.Graph.TreeGraph:_build_graph:254 - 83
2024-12-23 17:32:40.329 | INFO     | Core.Graph.TreeGraph:_build_graph:254 - 84
2024-12-23 17:32:40.329 | INFO     | Core.Graph.TreeGraph:_build_graph:254 - 85
2024-12-23 17:32:40.329 | INFO     | Core.Graph.TreeGraph:_build_graph:254 - 86
2024-12-23 17:32:40.329 | INFO     | Core.Graph.TreeGraph:_build_graph:254 - 87
2024-12-23 17:32:40.329 | INFO     | Core.Graph.TreeGraph:_build_graph:254 - 88
2024-12-23 17:32:40.329 | INFO     | Core.Graph.TreeGraph:_build_graph:254 - 89
2024-12-23 17:32:40.329 | INFO     | Core.Graph.TreeGraph:_build_graph:254 - 90
2024-12-23 17:32:40.329 | INFO     | Core.Graph.TreeGraph:_build_graph:254 - 91
2024-12-23 17:32:40.330 | INFO     | Core.Graph.TreeGraph:_build_graph:254 - 92
2024-12-23 17:32:40.330 | INFO     | Core.Graph.TreeGraph:_build_graph:254 - 93
2024-12-23 17:32:40.330 | INFO     | Core.Graph.TreeGraph:_build_graph:254 - 94
2024-12-23 17:32:40.330 | INFO     | Core.Graph.TreeGraph:_build_graph:254 - 95
2024-12-23 17:32:40.330 | INFO     | Core.Graph.TreeGraph:_build_graph:254 - 96
2024-12-23 17:32:40.330 | INFO     | Core.Graph.TreeGraph:_build_graph:254 - 97
2024-12-23 17:32:40.330 | INFO     | Core.Graph.TreeGraph:_build_graph:254 - 98
2024-12-23 17:32:40.330 | INFO     | Core.Graph.TreeGraph:_build_graph:254 - 99
2024-12-23 17:32:40.330 | INFO     | Core.Graph.TreeGraph:_build_graph:254 - 100
2024-12-23 17:32:40.330 | INFO     | Core.Graph.TreeGraph:_build_graph:254 - 101
2024-12-23 17:32:40.331 | INFO     | Core.Graph.TreeGraph:_build_graph:254 - 102
2024-12-23 17:32:40.331 | INFO     | Core.Graph.TreeGraph:_build_graph:254 - 103
2024-12-23 17:32:40.331 | INFO     | Core.Graph.TreeGraph:_build_graph:254 - 104
2024-12-23 17:32:40.331 | INFO     | Core.Graph.TreeGraph:_build_graph:254 - 105
2024-12-23 17:32:40.331 | INFO     | Core.Graph.TreeGraph:_build_graph:254 - 106
2024-12-23 17:32:40.331 | INFO     | Core.Graph.TreeGraph:_build_graph:254 - 107
2024-12-23 17:32:40.331 | INFO     | Core.Graph.TreeGraph:_build_graph:254 - 108
2024-12-23 17:32:40.331 | INFO     | Core.Graph.TreeGraph:_build_graph:254 - 109
2024-12-23 17:32:40.331 | INFO     | Core.Graph.TreeGraph:_build_graph:254 - 110
2024-12-23 17:32:40.331 | INFO     | Core.Graph.TreeGraph:_build_graph:254 - 111
2024-12-23 17:32:40.332 | INFO     | Core.Graph.TreeGraph:_build_graph:254 - 112
2024-12-23 17:32:40.332 | INFO     | Core.Graph.TreeGraph:_build_graph:254 - 113
2024-12-23 17:32:40.332 | INFO     | Core.Graph.TreeGraph:_build_graph:254 - 114
2024-12-23 17:32:40.332 | INFO     | Core.Graph.TreeGraph:_build_graph:254 - 115
2024-12-23 17:32:40.332 | INFO     | Core.Graph.TreeGraph:_build_graph:254 - 116
2024-12-23 17:32:40.332 | INFO     | Core.Graph.TreeGraph:_build_graph:254 - 117
2024-12-23 17:32:40.332 | INFO     | Core.Graph.TreeGraph:_build_graph:254 - 118
2024-12-23 17:32:40.332 | INFO     | Core.Graph.TreeGraph:_build_graph:254 - 119
2024-12-23 17:32:40.332 | INFO     | Core.Graph.TreeGraph:_build_graph:254 - 120
2024-12-23 17:32:40.332 | INFO     | Core.Graph.TreeGraph:_build_graph:254 - 121
2024-12-23 17:32:40.333 | INFO     | Core.Graph.TreeGraph:_build_graph:254 - 122
2024-12-23 17:32:40.333 | INFO     | Core.Graph.TreeGraph:_build_graph:254 - 123
2024-12-23 17:32:40.333 | INFO     | Core.Graph.TreeGraph:_build_graph:254 - 124
2024-12-23 17:32:40.333 | INFO     | Core.Graph.TreeGraph:_build_graph:254 - 125
2024-12-23 17:32:40.333 | INFO     | Core.Graph.TreeGraph:_build_graph:254 - 126
2024-12-23 17:32:40.333 | INFO     | Core.Graph.TreeGraph:_build_graph:254 - 127
2024-12-23 17:32:40.333 | INFO     | Core.Graph.TreeGraph:_build_graph:254 - 128
2024-12-23 17:32:40.333 | INFO     | Core.Graph.TreeGraph:_build_graph:254 - 129
2024-12-23 17:32:40.333 | INFO     | Core.Graph.TreeGraph:_build_graph:254 - 130
2024-12-23 17:32:40.333 | INFO     | Core.Graph.TreeGraph:_build_graph:254 - 131
2024-12-23 17:32:40.334 | INFO     | Core.Graph.TreeGraph:_build_graph:254 - 132
2024-12-23 17:32:40.334 | INFO     | Core.Graph.TreeGraph:_build_graph:254 - 133
2024-12-23 17:32:40.334 | INFO     | Core.Graph.TreeGraph:_build_graph:254 - 134
2024-12-23 17:32:40.334 | INFO     | Core.Graph.TreeGraph:_build_graph:254 - 135
2024-12-23 17:32:40.334 | INFO     | Core.Graph.TreeGraph:_build_graph:254 - 136
2024-12-23 17:32:40.334 | INFO     | Core.Graph.TreeGraph:_build_graph:254 - 137
2024-12-23 17:32:40.334 | INFO     | Core.Graph.TreeGraph:_build_graph:254 - 138
2024-12-23 17:32:40.334 | INFO     | Core.Graph.TreeGraph:_build_graph:254 - 139
2024-12-23 17:32:40.334 | INFO     | Core.Graph.TreeGraph:_build_graph:254 - 140
2024-12-23 17:32:40.334 | INFO     | Core.Graph.TreeGraph:_build_graph:254 - 141
2024-12-23 17:32:40.335 | INFO     | Core.Graph.TreeGraph:_build_graph:254 - 142
2024-12-23 17:32:40.335 | INFO     | Core.Graph.TreeGraph:_build_graph:254 - 143
2024-12-23 17:32:40.335 | INFO     | Core.Graph.TreeGraph:_build_graph:254 - 144
2024-12-23 17:32:40.335 | INFO     | Core.Graph.TreeGraph:_build_graph:254 - 145
2024-12-23 17:32:40.335 | INFO     | Core.Graph.TreeGraph:_build_graph:254 - 146
2024-12-23 17:32:40.335 | INFO     | Core.Graph.TreeGraph:_build_graph:254 - 147
2024-12-23 17:32:40.335 | INFO     | Core.Graph.TreeGraph:_build_graph:254 - 148
2024-12-23 17:32:40.335 | INFO     | Core.Graph.TreeGraph:_build_graph:254 - 149
2024-12-23 17:32:40.335 | INFO     | Core.Graph.TreeGraph:_build_graph:254 - 150
2024-12-23 17:32:40.335 | INFO     | Core.Graph.TreeGraph:_build_graph:254 - 151
2024-12-23 17:32:40.336 | INFO     | Core.Graph.TreeGraph:_build_graph:254 - 152
2024-12-23 17:32:40.336 | INFO     | Core.Graph.TreeGraph:_build_graph:254 - 153
2024-12-23 17:32:40.336 | INFO     | Core.Graph.TreeGraph:_build_graph:254 - 154
2024-12-23 17:32:40.336 | INFO     | Core.Graph.TreeGraph:_build_graph:254 - 155
2024-12-23 17:32:40.336 | INFO     | Core.Graph.TreeGraph:_build_graph:254 - 156
2024-12-23 17:32:40.336 | INFO     | Core.Graph.TreeGraph:_build_graph:254 - 157
2024-12-23 17:32:40.336 | INFO     | Core.Graph.TreeGraph:_build_graph:254 - 158
2024-12-23 17:32:40.336 | INFO     | Core.Graph.TreeGraph:_build_graph:254 - 159
2024-12-23 17:32:40.336 | INFO     | Core.Graph.TreeGraph:_build_graph:254 - 160
2024-12-23 17:32:40.336 | INFO     | Core.Graph.TreeGraph:_build_graph:254 - 161
2024-12-23 17:32:40.337 | INFO     | Core.Graph.TreeGraph:_build_graph:254 - 162
2024-12-23 17:32:40.337 | INFO     | Core.Graph.TreeGraph:_build_graph:254 - 163
2024-12-23 17:32:40.337 | INFO     | Core.Graph.TreeGraph:_build_graph:254 - 164
2024-12-23 17:32:40.338 | INFO     | Core.Graph.TreeGraph:_build_graph:254 - 165
2024-12-23 17:32:40.338 | INFO     | Core.Graph.TreeGraph:_build_graph:254 - 166
2024-12-23 17:32:40.338 | INFO     | Core.Graph.TreeGraph:_build_graph:254 - 167
2024-12-23 17:32:40.338 | INFO     | Core.Graph.TreeGraph:_build_graph:254 - 168
2024-12-23 17:32:40.338 | INFO     | Core.Graph.TreeGraph:_build_graph:254 - 169
2024-12-23 17:32:40.338 | INFO     | Core.Graph.TreeGraph:_build_graph:254 - 170
2024-12-23 17:32:40.339 | INFO     | Core.Graph.TreeGraph:_build_graph:254 - 171
2024-12-23 17:32:40.339 | INFO     | Core.Graph.TreeGraph:_build_graph:254 - 172
2024-12-23 17:32:40.339 | INFO     | Core.Graph.TreeGraph:_build_graph:254 - 173
2024-12-23 17:32:40.339 | INFO     | Core.Graph.TreeGraph:_build_graph:254 - 174
2024-12-23 17:32:40.339 | INFO     | Core.Graph.TreeGraph:_build_graph:254 - 175
2024-12-23 17:32:40.339 | INFO     | Core.Graph.TreeGraph:_build_graph:254 - 176
2024-12-23 17:32:40.339 | INFO     | Core.Graph.TreeGraph:_build_graph:254 - 177
2024-12-23 17:32:40.339 | INFO     | Core.Graph.TreeGraph:_build_graph:254 - 178
2024-12-23 17:32:40.339 | INFO     | Core.Graph.TreeGraph:_build_graph:254 - 179
2024-12-23 17:32:40.339 | INFO     | Core.Graph.TreeGraph:_build_graph:254 - 180
2024-12-23 17:32:40.340 | INFO     | Core.Graph.TreeGraph:_build_graph:254 - 181
2024-12-23 17:32:40.340 | INFO     | Core.Graph.TreeGraph:_build_graph:254 - 182
2024-12-23 17:32:40.340 | INFO     | Core.Graph.TreeGraph:_build_graph:258 - shit
2024-12-23 17:32:42.799 | INFO     | Core.Graph.TreeGraph:_create_node:178 - Create node_id = 0, children = None
2024-12-23 17:32:42.797 | INFO     | Core.Graph.TreeGraph:_create_node:178 - Create node_id = 0, children = None
2024-12-23 17:32:42.807 | INFO     | Core.Graph.TreeGraph:_create_node:178 - Create node_id = 2, children = None
2024-12-23 17:32:42.922 | INFO     | Core.Graph.TreeGraph:_create_node:178 - Create node_id = 3, children = None
2024-12-23 17:32:44.326 | INFO     | Core.Graph.TreeGraph:_create_node:178 - Create node_id = 4, children = None
2024-12-23 17:32:44.857 | INFO     | Core.Graph.TreeGraph:_create_node:178 - Create node_id = 5, children = None
2024-12-23 17:32:44.881 | INFO     | Core.Graph.TreeGraph:_create_node:178 - Create node_id = 6, children = None
2024-12-23 17:32:45.011 | INFO     | Core.Graph.TreeGraph:_create_node:178 - Create node_id = 7, children = None
2024-12-23 17:32:46.281 | INFO     | Core.Graph.TreeGraph:_create_node:178 - Create node_id = 8, children = None
2024-12-23 17:32:46.434 | INFO     | Core.Graph.TreeGraph:_create_node:178 - Create node_id = 9, children = None
2024-12-23 17:32:46.626 | INFO     | Core.Graph.TreeGraph:_create_node:178 - Create node_id = 10, children = None
2024-12-23 17:32:46.768 | INFO     | Core.Graph.TreeGraph:_create_node:178 - Create node_id = 11, children = None
2024-12-23 17:32:47.559 | INFO     | Core.Graph.TreeGraph:_create_node:178 - Create node_id = 12, children = None
2024-12-23 17:32:47.742 | INFO     | Core.Graph.TreeGraph:_create_node:178 - Create node_id = 13, children = None
2024-12-23 17:32:48.217 | INFO     | Core.Graph.TreeGraph:_create_node:178 - Create node_id = 14, children = None
2024-12-23 17:32:48.363 | INFO     | Core.Graph.TreeGraph:_create_node:178 - Create node_id = 15, children = None
2024-12-23 17:32:49.113 | INFO     | Core.Graph.TreeGraph:_create_node:178 - Create node_id = 16, children = None
2024-12-23 17:32:49.469 | INFO     | Core.Graph.TreeGraph:_create_node:178 - Create node_id = 17, children = None
2024-12-23 17:32:49.880 | INFO     | Core.Graph.TreeGraph:_create_node:178 - Create node_id = 18, children = None
2024-12-23 17:32:49.919 | INFO     | Core.Graph.TreeGraph:_create_node:178 - Create node_id = 19, children = None
2024-12-23 17:32:50.574 | INFO     | Core.Graph.TreeGraph:_create_node:178 - Create node_id = 20, children = None
2024-12-23 17:32:50.908 | INFO     | Core.Graph.TreeGraph:_create_node:178 - Create node_id = 21, children = None
2024-12-23 17:32:51.457 | INFO     | Core.Graph.TreeGraph:_create_node:178 - Create node_id = 22, children = None
2024-12-23 17:32:51.476 | INFO     | Core.Graph.TreeGraph:_create_node:178 - Create node_id = 23, children = None
2024-12-23 17:32:52.078 | INFO     | Core.Graph.TreeGraph:_create_node:178 - Create node_id = 24, children = None
2024-12-23 17:32:52.227 | INFO     | Core.Graph.TreeGraph:_create_node:178 - Create node_id = 25, children = None
2024-12-23 17:32:52.493 | INFO     | Core.Graph.TreeGraph:_create_node:178 - Create node_id = 26, children = None
2024-12-23 17:32:52.896 | INFO     | Core.Graph.TreeGraph:_create_node:178 - Create node_id = 27, children = None
2024-12-23 17:32:53.592 | INFO     | Core.Graph.TreeGraph:_create_node:178 - Create node_id = 28, children = None
2024-12-23 17:32:53.819 | INFO     | Core.Graph.TreeGraph:_create_node:178 - Create node_id = 29, children = None
2024-12-23 17:32:54.149 | INFO     | Core.Graph.TreeGraph:_create_node:178 - Create node_id = 30, children = None
2024-12-23 17:32:54.419 | INFO     | Core.Graph.TreeGraph:_create_node:178 - Create node_id = 31, children = None
2024-12-23 17:32:55.113 | INFO     | Core.Graph.TreeGraph:_create_node:178 - Create node_id = 32, children = None
2024-12-23 17:32:55.449 | INFO     | Core.Graph.TreeGraph:_create_node:178 - Create node_id = 33, children = None
2024-12-23 17:32:55.651 | INFO     | Core.Graph.TreeGraph:_create_node:178 - Create node_id = 34, children = None
2024-12-23 17:32:56.422 | INFO     | Core.Graph.TreeGraph:_create_node:178 - Create node_id = 35, children = None
2024-12-23 17:32:56.780 | INFO     | Core.Graph.TreeGraph:_create_node:178 - Create node_id = 36, children = None
2024-12-23 17:32:56.913 | INFO     | Core.Graph.TreeGraph:_create_node:178 - Create node_id = 37, children = None
2024-12-23 17:32:57.683 | INFO     | Core.Graph.TreeGraph:_create_node:178 - Create node_id = 38, children = None
