2024-12-23 17:20:59.579 | WARNING  | Core.GraphRAG:_register_e2r_r2c_matrix:131 - Tree graph is not supported for entity-link-chunk mapping. Skipping entity-link-chunk mapping.
2024-12-23 17:20:59.608 | INFO     | Core.Chunk.DocChunk:build_chunks:27 - Starting chunk the given documents
2024-12-23 17:20:59.609 | INFO     | Core.Storage.ChunkKVStorage:load_chunk:85 - Attempting to load the chunk data from: ./narrative/0/tree_graph/chunk_storage_chunk_data_idx.pkl and ./narrative/0/tree_graph/chunk_storage_chunk_data_key.pkl
2024-12-23 17:20:59.610 | INFO     | Core.Storage.ChunkKVStorage:load_chunk:93 - Successfully loaded chunk data (idx and key) from: ./narrative/0/tree_graph/chunk_storage_chunk_data_idx.pkl
2024-12-23 17:20:59.610 | INFO     | Core.Chunk.DocChunk:build_chunks:74 - ✅ Finished the chunking stage
2024-12-23 17:20:59.610 | INFO     | Core.GraphRAG:_update_costs_info:205 - Chunking stage cost: Total prompt token: 0, Total completeion token: 0, Total cost: 0
2024-12-23 17:20:59.611 | INFO     | Core.GraphRAG:_update_costs_info:207 - Chunking time(s): 0.00
2024-12-23 17:20:59.611 | INFO     | Core.Graph.BaseGraph:build_graph:42 - Starting build graph for the given documents
2024-12-23 17:20:59.611 | INFO     | Core.Storage.TreeGraphStorage:load_tree_graph:33 - Attempting to load the tree from: ./narrative/0/tree_graph/graph_storage_tree_data.pkl
2024-12-23 17:20:59.611 | INFO     | Core.Storage.TreeGraphStorage:load_tree_graph:47 - Pkl file does not exist! Need to build the tree from scratch.
2024-12-23 17:21:02.116 | INFO     | Core.Graph.TreeGraph:_create_node:178 - Create node_id = 0, children = None
2024-12-23 17:21:02.145 | INFO     | Core.Graph.TreeGraph:_create_node:178 - Create node_id = 1, children = None
2024-12-23 17:21:02.200 | INFO     | Core.Graph.TreeGraph:_create_node:178 - Create node_id = 2, children = None
2024-12-23 17:21:02.275 | INFO     | Core.Graph.TreeGraph:_create_node:178 - Create node_id = 3, children = None
2024-12-23 17:21:03.731 | INFO     | Core.Graph.TreeGraph:_create_node:178 - Create node_id = 4, children = None
2024-12-23 17:21:04.371 | INFO     | Core.Graph.TreeGraph:_create_node:178 - Create node_id = 5, children = None
2024-12-23 17:21:04.492 | INFO     | Core.Graph.TreeGraph:_create_node:178 - Create node_id = 6, children = None
2024-12-23 17:21:04.541 | INFO     | Core.Graph.TreeGraph:_create_node:178 - Create node_id = 7, children = None
2024-12-23 17:21:05.493 | INFO     | Core.Graph.TreeGraph:_create_node:178 - Create node_id = 8, children = None
2024-12-23 17:21:05.795 | INFO     | Core.Graph.TreeGraph:_create_node:178 - Create node_id = 9, children = None
2024-12-23 17:21:06.171 | INFO     | Core.Graph.TreeGraph:_create_node:178 - Create node_id = 10, children = None
2024-12-23 17:21:06.240 | INFO     | Core.Graph.TreeGraph:_create_node:178 - Create node_id = 11, children = None
2024-12-23 17:21:06.733 | INFO     | Core.Graph.TreeGraph:_create_node:178 - Create node_id = 12, children = None
2024-12-23 17:21:07.245 | INFO     | Core.Graph.TreeGraph:_create_node:178 - Create node_id = 13, children = None
2024-12-23 17:21:07.529 | INFO     | Core.Graph.TreeGraph:_create_node:178 - Create node_id = 14, children = None
2024-12-23 17:21:08.027 | INFO     | Core.Graph.TreeGraph:_create_node:178 - Create node_id = 15, children = None
2024-12-23 17:21:08.313 | INFO     | Core.Graph.TreeGraph:_create_node:178 - Create node_id = 16, children = None
2024-12-23 17:21:08.814 | INFO     | Core.Graph.TreeGraph:_create_node:178 - Create node_id = 17, children = None
2024-12-23 17:21:09.016 | INFO     | Core.Graph.TreeGraph:_create_node:178 - Create node_id = 18, children = None
2024-12-23 17:21:09.767 | INFO     | Core.Graph.TreeGraph:_create_node:178 - Create node_id = 19, children = None
2024-12-23 17:21:09.943 | INFO     | Core.Graph.TreeGraph:_create_node:178 - Create node_id = 20, children = None
2024-12-23 17:21:10.533 | INFO     | Core.Graph.TreeGraph:_create_node:178 - Create node_id = 21, children = None
2024-12-23 17:21:10.547 | INFO     | Core.Graph.TreeGraph:_create_node:178 - Create node_id = 22, children = None
2024-12-23 17:21:11.206 | INFO     | Core.Graph.TreeGraph:_create_node:178 - Create node_id = 23, children = None
2024-12-23 17:21:11.211 | INFO     | Core.Graph.TreeGraph:_create_node:178 - Create node_id = 24, children = None
2024-12-23 17:21:11.944 | INFO     | Core.Graph.TreeGraph:_create_node:178 - Create node_id = 25, children = None
2024-12-23 17:21:11.990 | INFO     | Core.Graph.TreeGraph:_create_node:178 - Create node_id = 26, children = None
2024-12-23 17:21:13.041 | INFO     | Core.Graph.TreeGraph:_create_node:178 - Create node_id = 27, children = None
2024-12-23 17:21:13.087 | INFO     | Core.Graph.TreeGraph:_create_node:178 - Create node_id = 28, children = None
2024-12-23 17:21:13.741 | INFO     | Core.Graph.TreeGraph:_create_node:178 - Create node_id = 29, children = None
2024-12-23 17:21:13.812 | INFO     | Core.Graph.TreeGraph:_create_node:178 - Create node_id = 30, children = None
2024-12-23 17:21:14.626 | INFO     | Core.Graph.TreeGraph:_create_node:178 - Create node_id = 31, children = None
2024-12-23 17:21:14.864 | INFO     | Core.Graph.TreeGraph:_create_node:178 - Create node_id = 32, children = None
2024-12-23 17:21:15.682 | INFO     | Core.Graph.TreeGraph:_create_node:178 - Create node_id = 33, children = None
2024-12-23 17:21:16.166 | INFO     | Core.Graph.TreeGraph:_create_node:178 - Create node_id = 34, children = None
2024-12-23 17:21:16.172 | INFO     | Core.Graph.TreeGraph:_create_node:178 - Create node_id = 35, children = None
2024-12-23 17:21:16.305 | INFO     | Core.Graph.TreeGraph:_create_node:178 - Create node_id = 36, children = None
2024-12-23 17:21:17.247 | INFO     | Core.Graph.TreeGraph:_create_node:178 - Create node_id = 37, children = None
2024-12-23 17:21:17.852 | INFO     | Core.Graph.TreeGraph:_create_node:178 - Create node_id = 38, children = None
2024-12-23 17:21:17.934 | INFO     | Core.Graph.TreeGraph:_create_node:178 - Create node_id = 39, children = None
2024-12-23 17:21:18.108 | INFO     | Core.Graph.TreeGraph:_create_node:178 - Create node_id = 40, children = None
2024-12-23 17:21:18.802 | INFO     | Core.Graph.TreeGraph:_create_node:178 - Create node_id = 41, children = None
2024-12-23 17:21:19.129 | INFO     | Core.Graph.TreeGraph:_create_node:178 - Create node_id = 42, children = None
2024-12-23 17:21:19.261 | INFO     | Core.Graph.TreeGraph:_create_node:178 - Create node_id = 43, children = None
2024-12-23 17:21:19.624 | INFO     | Core.Graph.TreeGraph:_create_node:178 - Create node_id = 44, children = None
2024-12-23 17:21:20.666 | INFO     | Core.Graph.TreeGraph:_create_node:178 - Create node_id = 45, children = None
2024-12-23 17:21:20.731 | INFO     | Core.Graph.TreeGraph:_create_node:178 - Create node_id = 46, children = None
2024-12-23 17:21:20.886 | INFO     | Core.Graph.TreeGraph:_create_node:178 - Create node_id = 47, children = None
2024-12-23 17:21:21.484 | INFO     | Core.Graph.TreeGraph:_create_node:178 - Create node_id = 48, children = None
2024-12-23 17:21:21.978 | INFO     | Core.Graph.TreeGraph:_create_node:178 - Create node_id = 49, children = None
2024-12-23 17:21:22.176 | INFO     | Core.Graph.TreeGraph:_create_node:178 - Create node_id = 50, children = None
2024-12-23 17:21:22.339 | INFO     | Core.Graph.TreeGraph:_create_node:178 - Create node_id = 51, children = None
2024-12-23 17:21:23.189 | INFO     | Core.Graph.TreeGraph:_create_node:178 - Create node_id = 52, children = None
2024-12-23 17:21:23.793 | INFO     | Core.Graph.TreeGraph:_create_node:178 - Create node_id = 53, children = None
2024-12-23 17:21:23.831 | INFO     | Core.Graph.TreeGraph:_create_node:178 - Create node_id = 54, children = None
2024-12-23 17:21:23.943 | INFO     | Core.Graph.TreeGraph:_create_node:178 - Create node_id = 55, children = None
2024-12-23 17:21:24.693 | INFO     | Core.Graph.TreeGraph:_create_node:178 - Create node_id = 56, children = None
2024-12-23 17:21:25.492 | INFO     | Core.Graph.TreeGraph:_create_node:178 - Create node_id = 57, children = None
2024-12-23 17:21:25.536 | INFO     | Core.Graph.TreeGraph:_create_node:178 - Create node_id = 58, children = None
2024-12-23 17:21:25.564 | INFO     | Core.Graph.TreeGraph:_create_node:178 - Create node_id = 59, children = None
2024-12-23 17:21:26.004 | INFO     | Core.Graph.TreeGraph:_create_node:178 - Create node_id = 60, children = None
2024-12-23 17:21:26.691 | INFO     | Core.Graph.TreeGraph:_create_node:178 - Create node_id = 61, children = None
2024-12-23 17:21:26.895 | INFO     | Core.Graph.TreeGraph:_create_node:178 - Create node_id = 62, children = None
2024-12-23 17:21:27.053 | INFO     | Core.Graph.TreeGraph:_create_node:178 - Create node_id = 63, children = None
2024-12-23 17:21:27.543 | INFO     | Core.Graph.TreeGraph:_create_node:178 - Create node_id = 64, children = None
2024-12-23 17:21:28.470 | INFO     | Core.Graph.TreeGraph:_create_node:178 - Create node_id = 65, children = None
2024-12-23 17:21:28.959 | INFO     | Core.Graph.TreeGraph:_create_node:178 - Create node_id = 66, children = None
2024-12-23 17:21:29.593 | INFO     | Core.Graph.TreeGraph:_create_node:178 - Create node_id = 67, children = None
2024-12-23 17:21:29.921 | INFO     | Core.Graph.TreeGraph:_create_node:178 - Create node_id = 68, children = None
2024-12-23 17:21:30.861 | INFO     | Core.Graph.TreeGraph:_create_node:178 - Create node_id = 69, children = None
2024-12-23 17:21:31.157 | INFO     | Core.Graph.TreeGraph:_create_node:178 - Create node_id = 70, children = None
2024-12-23 17:21:31.399 | INFO     | Core.Graph.TreeGraph:_create_node:178 - Create node_id = 71, children = None
2024-12-23 17:21:32.406 | INFO     | Core.Graph.TreeGraph:_create_node:178 - Create node_id = 72, children = None
2024-12-23 17:21:32.407 | INFO     | Core.Graph.TreeGraph:_create_node:178 - Create node_id = 72, children = None
2024-12-23 17:21:32.887 | INFO     | Core.Graph.TreeGraph:_create_node:178 - Create node_id = 74, children = None
2024-12-23 17:21:33.284 | INFO     | Core.Graph.TreeGraph:_create_node:178 - Create node_id = 75, children = None
2024-12-23 17:21:34.089 | INFO     | Core.Graph.TreeGraph:_create_node:178 - Create node_id = 76, children = None
2024-12-23 17:21:34.336 | INFO     | Core.Graph.TreeGraph:_create_node:178 - Create node_id = 77, children = None
2024-12-23 17:21:34.758 | INFO     | Core.Graph.TreeGraph:_create_node:178 - Create node_id = 78, children = None
2024-12-23 17:21:35.033 | INFO     | Core.Graph.TreeGraph:_create_node:178 - Create node_id = 79, children = None
2024-12-23 17:21:35.838 | INFO     | Core.Graph.TreeGraph:_create_node:178 - Create node_id = 80, children = None
2024-12-23 17:21:35.934 | INFO     | Core.Graph.TreeGraph:_create_node:178 - Create node_id = 81, children = None
2024-12-23 17:21:36.307 | INFO     | Core.Graph.TreeGraph:_create_node:178 - Create node_id = 82, children = None
2024-12-23 17:21:36.514 | INFO     | Core.Graph.TreeGraph:_create_node:178 - Create node_id = 83, children = None
2024-12-23 17:21:36.952 | INFO     | Core.Graph.TreeGraph:_create_node:178 - Create node_id = 84, children = None
2024-12-23 17:21:37.169 | INFO     | Core.Graph.TreeGraph:_create_node:178 - Create node_id = 85, children = None
2024-12-23 17:21:37.906 | INFO     | Core.Graph.TreeGraph:_create_node:178 - Create node_id = 86, children = None
2024-12-23 17:21:38.011 | INFO     | Core.Graph.TreeGraph:_create_node:178 - Create node_id = 87, children = None
2024-12-23 17:21:38.593 | INFO     | Core.Graph.TreeGraph:_create_node:178 - Create node_id = 88, children = None
2024-12-23 17:21:38.824 | INFO     | Core.Graph.TreeGraph:_create_node:178 - Create node_id = 89, children = None
2024-12-23 17:21:39.284 | INFO     | Core.Graph.TreeGraph:_create_node:178 - Create node_id = 90, children = None
2024-12-23 17:21:39.335 | INFO     | Core.Graph.TreeGraph:_create_node:178 - Create node_id = 91, children = None
2024-12-23 17:21:40.425 | INFO     | Core.Graph.TreeGraph:_create_node:178 - Create node_id = 92, children = None
2024-12-23 17:21:40.460 | INFO     | Core.Graph.TreeGraph:_create_node:178 - Create node_id = 93, children = None
2024-12-23 17:21:40.753 | INFO     | Core.Graph.TreeGraph:_create_node:178 - Create node_id = 94, children = None
2024-12-23 17:21:40.847 | INFO     | Core.Graph.TreeGraph:_create_node:178 - Create node_id = 95, children = None
2024-12-23 17:21:41.562 | INFO     | Core.Graph.TreeGraph:_create_node:178 - Create node_id = 96, children = None
2024-12-23 17:21:41.612 | INFO     | Core.Graph.TreeGraph:_create_node:178 - Create node_id = 97, children = None
2024-12-23 17:21:41.988 | INFO     | Core.Graph.TreeGraph:_create_node:178 - Create node_id = 98, children = None
2024-12-23 17:21:42.447 | INFO     | Core.Graph.TreeGraph:_create_node:178 - Create node_id = 99, children = None
2024-12-23 17:21:43.469 | INFO     | Core.Graph.TreeGraph:_create_node:178 - Create node_id = 100, children = None
2024-12-23 17:21:43.473 | INFO     | Core.Graph.TreeGraph:_create_node:178 - Create node_id = 101, children = None
2024-12-23 17:21:43.678 | INFO     | Core.Graph.TreeGraph:_create_node:178 - Create node_id = 102, children = None
2024-12-23 17:21:44.032 | INFO     | Core.Graph.TreeGraph:_create_node:178 - Create node_id = 103, children = None
2024-12-23 17:21:45.049 | INFO     | Core.Graph.TreeGraph:_create_node:178 - Create node_id = 104, children = None
2024-12-23 17:21:45.063 | INFO     | Core.Graph.TreeGraph:_create_node:178 - Create node_id = 105, children = None
2024-12-23 17:21:45.441 | INFO     | Core.Graph.TreeGraph:_create_node:178 - Create node_id = 106, children = None
2024-12-23 17:21:45.716 | INFO     | Core.Graph.TreeGraph:_create_node:178 - Create node_id = 107, children = None
2024-12-23 17:21:46.504 | INFO     | Core.Graph.TreeGraph:_create_node:178 - Create node_id = 108, children = None
2024-12-23 17:21:46.506 | INFO     | Core.Graph.TreeGraph:_create_node:178 - Create node_id = 109, children = None
2024-12-23 17:21:46.981 | INFO     | Core.Graph.TreeGraph:_create_node:178 - Create node_id = 110, children = None
2024-12-23 17:21:47.009 | INFO     | Core.Graph.TreeGraph:_create_node:178 - Create node_id = 111, children = None
2024-12-23 17:21:48.200 | INFO     | Core.Graph.TreeGraph:_create_node:178 - Create node_id = 112, children = None
2024-12-23 17:21:48.669 | INFO     | Core.Graph.TreeGraph:_create_node:178 - Create node_id = 113, children = None
2024-12-23 17:21:48.689 | INFO     | Core.Graph.TreeGraph:_create_node:178 - Create node_id = 114, children = None
2024-12-23 17:21:49.675 | INFO     | Core.Graph.TreeGraph:_create_node:178 - Create node_id = 115, children = None
2024-12-23 17:21:50.584 | INFO     | Core.Graph.TreeGraph:_create_node:178 - Create node_id = 116, children = None
2024-12-23 17:21:50.625 | INFO     | Core.Graph.TreeGraph:_create_node:178 - Create node_id = 117, children = None
2024-12-23 17:21:50.800 | INFO     | Core.Graph.TreeGraph:_create_node:178 - Create node_id = 118, children = None
2024-12-23 17:21:51.115 | INFO     | Core.Graph.TreeGraph:_create_node:178 - Create node_id = 119, children = None
2024-12-23 17:21:51.970 | INFO     | Core.Graph.TreeGraph:_create_node:178 - Create node_id = 120, children = None
2024-12-23 17:21:51.972 | INFO     | Core.Graph.TreeGraph:_create_node:178 - Create node_id = 121, children = None
2024-12-23 17:21:52.073 | INFO     | Core.Graph.TreeGraph:_create_node:178 - Create node_id = 122, children = None
2024-12-23 17:21:52.476 | INFO     | Core.Graph.TreeGraph:_create_node:178 - Create node_id = 123, children = None
2024-12-23 17:21:53.636 | INFO     | Core.Graph.TreeGraph:_create_node:178 - Create node_id = 124, children = None
2024-12-23 17:21:53.722 | INFO     | Core.Graph.TreeGraph:_create_node:178 - Create node_id = 125, children = None
2024-12-23 17:21:53.791 | INFO     | Core.Graph.TreeGraph:_create_node:178 - Create node_id = 126, children = None
2024-12-23 17:21:53.952 | INFO     | Core.Graph.TreeGraph:_create_node:178 - Create node_id = 127, children = None
2024-12-23 17:21:55.355 | INFO     | Core.Graph.TreeGraph:_create_node:178 - Create node_id = 128, children = None
2024-12-23 17:21:55.503 | INFO     | Core.Graph.TreeGraph:_create_node:178 - Create node_id = 129, children = None
2024-12-23 17:21:55.579 | INFO     | Core.Graph.TreeGraph:_create_node:178 - Create node_id = 130, children = None
2024-12-23 17:21:55.699 | INFO     | Core.Graph.TreeGraph:_create_node:178 - Create node_id = 131, children = None
2024-12-23 17:21:56.688 | INFO     | Core.Graph.TreeGraph:_create_node:178 - Create node_id = 132, children = None
2024-12-23 17:21:56.859 | INFO     | Core.Graph.TreeGraph:_create_node:178 - Create node_id = 133, children = None
2024-12-23 17:21:56.887 | INFO     | Core.Graph.TreeGraph:_create_node:178 - Create node_id = 134, children = None
2024-12-23 17:21:56.938 | INFO     | Core.Graph.TreeGraph:_create_node:178 - Create node_id = 135, children = None
2024-12-23 17:21:58.355 | INFO     | Core.Graph.TreeGraph:_create_node:178 - Create node_id = 136, children = None
2024-12-23 17:21:58.722 | INFO     | Core.Graph.TreeGraph:_create_node:178 - Create node_id = 137, children = None
2024-12-23 17:21:58.728 | INFO     | Core.Graph.TreeGraph:_create_node:178 - Create node_id = 138, children = None
2024-12-23 17:21:58.735 | INFO     | Core.Graph.TreeGraph:_create_node:178 - Create node_id = 139, children = None
2024-12-23 17:21:59.891 | INFO     | Core.Graph.TreeGraph:_create_node:178 - Create node_id = 140, children = None
2024-12-23 17:22:00.555 | INFO     | Core.Graph.TreeGraph:_create_node:178 - Create node_id = 141, children = None
2024-12-23 17:22:00.636 | INFO     | Core.Graph.TreeGraph:_create_node:178 - Create node_id = 142, children = None
2024-12-23 17:22:00.821 | INFO     | Core.Graph.TreeGraph:_create_node:178 - Create node_id = 143, children = None
2024-12-23 17:22:01.406 | INFO     | Core.Graph.TreeGraph:_create_node:178 - Create node_id = 144, children = None
2024-12-23 17:22:01.724 | INFO     | Core.Graph.TreeGraph:_create_node:178 - Create node_id = 145, children = None
2024-12-23 17:22:02.006 | INFO     | Core.Graph.TreeGraph:_create_node:178 - Create node_id = 146, children = None
2024-12-23 17:22:02.131 | INFO     | Core.Graph.TreeGraph:_create_node:178 - Create node_id = 147, children = None
2024-12-23 17:22:03.292 | INFO     | Core.Graph.TreeGraph:_create_node:178 - Create node_id = 148, children = None
2024-12-23 17:22:03.482 | INFO     | Core.Graph.TreeGraph:_create_node:178 - Create node_id = 149, children = None
2024-12-23 17:22:03.818 | INFO     | Core.Graph.TreeGraph:_create_node:178 - Create node_id = 150, children = None
2024-12-23 17:22:03.828 | INFO     | Core.Graph.TreeGraph:_create_node:178 - Create node_id = 151, children = None
2024-12-23 17:22:04.983 | INFO     | Core.Graph.TreeGraph:_create_node:178 - Create node_id = 152, children = None
2024-12-23 17:22:05.101 | INFO     | Core.Graph.TreeGraph:_create_node:178 - Create node_id = 153, children = None
2024-12-23 17:22:05.475 | INFO     | Core.Graph.TreeGraph:_create_node:178 - Create node_id = 154, children = None
2024-12-23 17:22:05.599 | INFO     | Core.Graph.TreeGraph:_create_node:178 - Create node_id = 155, children = None
2024-12-23 17:22:06.246 | INFO     | Core.Graph.TreeGraph:_create_node:178 - Create node_id = 156, children = None
2024-12-23 17:22:06.723 | INFO     | Core.Graph.TreeGraph:_create_node:178 - Create node_id = 157, children = None
2024-12-23 17:22:06.800 | INFO     | Core.Graph.TreeGraph:_create_node:178 - Create node_id = 158, children = None
2024-12-23 17:22:06.957 | INFO     | Core.Graph.TreeGraph:_create_node:178 - Create node_id = 159, children = None
2024-12-23 17:22:07.388 | INFO     | Core.Graph.TreeGraph:_create_node:178 - Create node_id = 160, children = None
2024-12-23 17:22:08.403 | INFO     | Core.Graph.TreeGraph:_create_node:178 - Create node_id = 161, children = None
2024-12-23 17:22:08.410 | INFO     | Core.Graph.TreeGraph:_create_node:178 - Create node_id = 162, children = None
2024-12-23 17:22:08.613 | INFO     | Core.Graph.TreeGraph:_create_node:178 - Create node_id = 163, children = None
2024-12-23 17:22:08.925 | INFO     | Core.Graph.TreeGraph:_create_node:178 - Create node_id = 164, children = None
2024-12-23 17:22:09.798 | INFO     | Core.Graph.TreeGraph:_create_node:178 - Create node_id = 165, children = None
2024-12-23 17:22:09.883 | INFO     | Core.Graph.TreeGraph:_create_node:178 - Create node_id = 166, children = None
2024-12-23 17:22:09.993 | INFO     | Core.Graph.TreeGraph:_create_node:178 - Create node_id = 167, children = None
2024-12-23 17:22:10.530 | INFO     | Core.Graph.TreeGraph:_create_node:178 - Create node_id = 168, children = None
2024-12-23 17:22:11.277 | INFO     | Core.Graph.TreeGraph:_create_node:178 - Create node_id = 169, children = None
2024-12-23 17:22:12.085 | INFO     | Core.Graph.TreeGraph:_create_node:178 - Create node_id = 170, children = None
2024-12-23 17:22:12.335 | INFO     | Core.Graph.TreeGraph:_create_node:178 - Create node_id = 171, children = None
2024-12-23 17:22:12.345 | INFO     | Core.Graph.TreeGraph:_create_node:178 - Create node_id = 172, children = None
2024-12-23 17:22:13.032 | INFO     | Core.Graph.TreeGraph:_create_node:178 - Create node_id = 173, children = None
2024-12-23 17:22:13.750 | INFO     | Core.Graph.TreeGraph:_create_node:178 - Create node_id = 174, children = None
2024-12-23 17:22:14.097 | INFO     | Core.Graph.TreeGraph:_create_node:178 - Create node_id = 175, children = None
2024-12-23 17:22:14.164 | INFO     | Core.Graph.TreeGraph:_create_node:178 - Create node_id = 176, children = None
2024-12-23 17:22:14.522 | INFO     | Core.Graph.TreeGraph:_create_node:178 - Create node_id = 177, children = None
2024-12-23 17:22:15.301 | INFO     | Core.Graph.TreeGraph:_create_node:178 - Create node_id = 178, children = None
2024-12-23 17:22:15.755 | INFO     | Core.Graph.TreeGraph:_create_node:178 - Create node_id = 179, children = None
2024-12-23 17:22:15.956 | INFO     | Core.Graph.TreeGraph:_create_node:178 - Create node_id = 180, children = None
2024-12-23 17:22:16.172 | INFO     | Core.Graph.TreeGraph:_create_node:178 - Create node_id = 181, children = None
2024-12-23 17:22:16.776 | INFO     | Core.Graph.TreeGraph:_create_node:178 - Create node_id = 182, children = None
2024-12-23 17:22:17.125 | INFO     | Core.Graph.TreeGraph:_create_node:178 - Create node_id = 183, children = None
2024-12-23 17:22:17.388 | INFO     | Core.Graph.TreeGraph:_create_node:178 - Create node_id = 184, children = None
2024-12-23 17:22:17.892 | INFO     | Core.Graph.TreeGraph:_create_node:178 - Create node_id = 185, children = None
2024-12-23 17:22:18.279 | INFO     | Core.Graph.TreeGraph:_create_node:178 - Create node_id = 186, children = None
2024-12-23 17:22:18.827 | INFO     | Core.Graph.TreeGraph:_create_node:178 - Create node_id = 187, children = None
2024-12-23 17:22:19.067 | INFO     | Core.Graph.TreeGraph:_create_node:178 - Create node_id = 188, children = None
2024-12-23 17:22:19.381 | INFO     | Core.Graph.TreeGraph:_create_node:178 - Create node_id = 189, children = None
2024-12-23 17:22:19.497 | INFO     | Core.Graph.TreeGraph:_create_node:178 - Create node_id = 190, children = None
2024-12-23 17:22:20.458 | INFO     | Core.Graph.TreeGraph:_create_node:178 - Create node_id = 191, children = None
2024-12-23 17:22:20.777 | INFO     | Core.Graph.TreeGraph:_create_node:178 - Create node_id = 192, children = None
2024-12-23 17:22:21.161 | INFO     | Core.Graph.TreeGraph:_create_node:178 - Create node_id = 193, children = None
2024-12-23 17:22:21.320 | INFO     | Core.Graph.TreeGraph:_create_node:178 - Create node_id = 194, children = None
2024-12-23 17:22:21.954 | INFO     | Core.Graph.TreeGraph:_create_node:178 - Create node_id = 195, children = None
2024-12-23 17:22:22.110 | INFO     | Core.Graph.TreeGraph:_create_node:178 - Create node_id = 196, children = None
2024-12-23 17:22:22.354 | INFO     | Core.Graph.TreeGraph:_create_node:178 - Create node_id = 197, children = None
2024-12-23 17:22:22.847 | INFO     | Core.Graph.TreeGraph:_create_node:178 - Create node_id = 198, children = None
2024-12-23 17:22:23.788 | INFO     | Core.Graph.TreeGraph:_create_node:178 - Create node_id = 199, children = None
2024-12-23 17:22:23.825 | INFO     | Core.Graph.TreeGraph:_create_node:178 - Create node_id = 200, children = None
2024-12-23 17:22:23.919 | INFO     | Core.Graph.TreeGraph:_create_node:178 - Create node_id = 201, children = None
2024-12-23 17:22:24.314 | INFO     | Core.Graph.TreeGraph:_create_node:178 - Create node_id = 202, children = None
2024-12-23 17:22:25.425 | INFO     | Core.Graph.TreeGraph:_create_node:178 - Create node_id = 203, children = None
2024-12-23 17:22:25.527 | INFO     | Core.Graph.TreeGraph:_create_node:178 - Create node_id = 204, children = None
2024-12-23 17:22:25.632 | INFO     | Core.Graph.TreeGraph:_create_node:178 - Create node_id = 205, children = None
2024-12-23 17:22:25.749 | INFO     | Core.Graph.TreeGraph:_create_node:178 - Create node_id = 206, children = None
2024-12-23 17:22:26.834 | INFO     | Core.Graph.TreeGraph:_create_node:178 - Create node_id = 207, children = None
2024-12-23 17:22:26.975 | INFO     | Core.Graph.TreeGraph:_create_node:178 - Create node_id = 208, children = None
2024-12-23 17:22:27.033 | INFO     | Core.Graph.TreeGraph:_create_node:178 - Create node_id = 209, children = None
2024-12-23 17:22:28.792 | INFO     | Core.Graph.TreeGraph:_create_node:178 - Create node_id = 210, children = None
2024-12-23 17:22:28.794 | INFO     | Core.Graph.TreeGraph:_create_node:178 - Create node_id = 210, children = None
2024-12-23 17:22:28.914 | INFO     | Core.Graph.TreeGraph:_create_node:178 - Create node_id = 212, children = None
2024-12-23 17:22:29.624 | INFO     | Core.Graph.TreeGraph:_create_node:178 - Create node_id = 213, children = None
2024-12-23 17:22:30.561 | INFO     | Core.Graph.TreeGraph:_create_node:178 - Create node_id = 214, children = None
2024-12-23 17:22:30.695 | INFO     | Core.Graph.TreeGraph:_create_node:178 - Create node_id = 215, children = None
2024-12-23 17:22:30.768 | INFO     | Core.Graph.TreeGraph:_create_node:178 - Create node_id = 216, children = None
2024-12-23 17:22:31.300 | INFO     | Core.Graph.TreeGraph:_create_node:178 - Create node_id = 217, children = None
2024-12-23 17:22:32.126 | INFO     | Core.Graph.TreeGraph:_create_node:178 - Create node_id = 218, children = None
2024-12-23 17:22:32.319 | INFO     | Core.Graph.TreeGraph:_create_node:178 - Create node_id = 219, children = None
2024-12-23 17:22:32.469 | INFO     | Core.Graph.TreeGraph:_create_node:178 - Create node_id = 220, children = None
2024-12-23 17:22:32.981 | INFO     | Core.Graph.TreeGraph:_create_node:178 - Create node_id = 221, children = None
2024-12-23 17:22:34.291 | INFO     | Core.Graph.TreeGraph:_create_node:178 - Create node_id = 222, children = None
2024-12-23 17:22:34.347 | INFO     | Core.Graph.TreeGraph:_create_node:178 - Create node_id = 223, children = None
2024-12-23 17:22:34.429 | INFO     | Core.Graph.TreeGraph:_create_node:178 - Create node_id = 224, children = None
2024-12-23 17:22:34.865 | INFO     | Core.Graph.TreeGraph:_create_node:178 - Create node_id = 225, children = None
2024-12-23 17:22:35.772 | INFO     | Core.Graph.TreeGraph:_create_node:178 - Create node_id = 226, children = None
2024-12-23 17:22:36.137 | INFO     | Core.Graph.TreeGraph:_create_node:178 - Create node_id = 227, children = None
2024-12-23 17:22:36.251 | INFO     | Core.Graph.TreeGraph:_create_node:178 - Create node_id = 228, children = None
2024-12-23 17:22:36.693 | INFO     | Core.Graph.TreeGraph:_create_node:178 - Create node_id = 229, children = None
2024-12-23 17:22:37.081 | INFO     | Core.Graph.TreeGraph:_create_node:178 - Create node_id = 230, children = None
2024-12-23 17:22:37.496 | INFO     | Core.Graph.TreeGraph:_create_node:178 - Create node_id = 231, children = None
2024-12-23 17:22:37.580 | INFO     | Core.Graph.TreeGraph:_create_node:178 - Create node_id = 232, children = None
2024-12-23 17:22:38.406 | INFO     | Core.Graph.TreeGraph:_create_node:178 - Create node_id = 233, children = None
2024-12-23 17:22:38.682 | INFO     | Core.Graph.TreeGraph:_create_node:178 - Create node_id = 234, children = None
2024-12-23 17:22:38.853 | INFO     | Core.Graph.TreeGraph:_create_node:178 - Create node_id = 235, children = None
2024-12-23 17:22:39.120 | INFO     | Core.Graph.TreeGraph:_create_node:178 - Create node_id = 236, children = None
2024-12-23 17:22:39.682 | INFO     | Core.Graph.TreeGraph:_create_node:178 - Create node_id = 237, children = None
2024-12-23 17:22:40.111 | INFO     | Core.Graph.TreeGraph:_create_node:178 - Create node_id = 238, children = None
2024-12-23 17:22:40.356 | INFO     | Core.Graph.TreeGraph:_create_node:178 - Create node_id = 239, children = None
2024-12-23 17:22:40.779 | INFO     | Core.Graph.TreeGraph:_create_node:178 - Create node_id = 240, children = None
2024-12-23 17:22:41.220 | INFO     | Core.Graph.TreeGraph:_create_node:178 - Create node_id = 241, children = None
2024-12-23 17:22:41.610 | INFO     | Core.Graph.TreeGraph:_create_node:178 - Create node_id = 242, children = None
2024-12-23 17:22:41.869 | INFO     | Core.Graph.TreeGraph:_create_node:178 - Create node_id = 243, children = None
2024-12-23 17:22:42.068 | INFO     | Core.Graph.TreeGraph:_create_node:178 - Create node_id = 244, children = None
2024-12-23 17:22:42.579 | INFO     | Core.Graph.TreeGraph:_create_node:178 - Create node_id = 245, children = None
2024-12-23 17:22:43.061 | INFO     | Core.Graph.TreeGraph:_create_node:178 - Create node_id = 246, children = None
2024-12-23 17:22:43.418 | INFO     | Core.Graph.TreeGraph:_create_node:178 - Create node_id = 247, children = None
2024-12-23 17:22:43.667 | INFO     | Core.Graph.TreeGraph:_create_node:178 - Create node_id = 248, children = None
2024-12-23 17:22:44.365 | INFO     | Core.Graph.TreeGraph:_create_node:178 - Create node_id = 249, children = None
2024-12-23 17:22:44.388 | INFO     | Core.Graph.TreeGraph:_create_node:178 - Create node_id = 250, children = None
2024-12-23 17:22:45.240 | INFO     | Core.Graph.TreeGraph:_create_node:178 - Create node_id = 251, children = None
2024-12-23 17:22:45.328 | INFO     | Core.Graph.TreeGraph:_create_node:178 - Create node_id = 252, children = None
2024-12-23 17:22:46.198 | INFO     | Core.Graph.TreeGraph:_create_node:178 - Create node_id = 253, children = None
2024-12-23 17:22:46.213 | INFO     | Core.Graph.TreeGraph:_create_node:178 - Create node_id = 254, children = None
2024-12-23 17:22:46.751 | INFO     | Core.Graph.TreeGraph:_create_node:178 - Create node_id = 255, children = None
2024-12-23 17:22:46.759 | INFO     | Core.Graph.TreeGraph:_create_node:178 - Create node_id = 256, children = None
2024-12-23 17:22:47.700 | INFO     | Core.Graph.TreeGraph:_create_node:178 - Create node_id = 257, children = None
2024-12-23 17:22:47.731 | INFO     | Core.Graph.TreeGraph:_create_node:178 - Create node_id = 258, children = None
2024-12-23 17:22:48.129 | INFO     | Core.Graph.TreeGraph:_create_node:178 - Create node_id = 259, children = None
2024-12-23 17:22:48.283 | INFO     | Core.Graph.TreeGraph:_create_node:178 - Create node_id = 260, children = None
2024-12-23 17:22:49.293 | INFO     | Core.Graph.TreeGraph:_create_node:178 - Create node_id = 261, children = None
2024-12-23 17:22:49.399 | INFO     | Core.Graph.TreeGraph:_create_node:178 - Create node_id = 262, children = None
2024-12-23 17:22:49.448 | INFO     | Core.Graph.TreeGraph:_create_node:178 - Create node_id = 263, children = None
2024-12-23 17:22:49.714 | INFO     | Core.Graph.TreeGraph:_create_node:178 - Create node_id = 264, children = None
2024-12-23 17:22:50.990 | INFO     | Core.Graph.TreeGraph:_create_node:178 - Create node_id = 265, children = None
2024-12-23 17:22:51.206 | INFO     | Core.Graph.TreeGraph:_create_node:178 - Create node_id = 266, children = None
2024-12-23 17:22:51.321 | INFO     | Core.Graph.TreeGraph:_create_node:178 - Create node_id = 267, children = None
2024-12-23 17:22:51.418 | INFO     | Core.Graph.TreeGraph:_create_node:178 - Create node_id = 268, children = None
2024-12-23 17:22:52.124 | INFO     | Core.Graph.TreeGraph:_create_node:178 - Create node_id = 269, children = None
2024-12-23 17:22:52.521 | INFO     | Core.Graph.TreeGraph:_create_node:178 - Create node_id = 270, children = None
2024-12-23 17:22:52.573 | INFO     | Core.Graph.TreeGraph:_create_node:178 - Create node_id = 271, children = None
2024-12-23 17:22:52.630 | INFO     | Core.Graph.TreeGraph:_create_node:178 - Create node_id = 272, children = None
2024-12-23 17:22:53.717 | INFO     | Core.Graph.TreeGraph:_create_node:178 - Create node_id = 273, children = None
2024-12-23 17:22:54.096 | INFO     | Core.Graph.TreeGraph:_create_node:178 - Create node_id = 274, children = None
2024-12-23 17:22:54.099 | INFO     | Core.Graph.TreeGraph:_create_node:178 - Create node_id = 275, children = None
2024-12-23 17:22:54.179 | INFO     | Core.Graph.TreeGraph:_create_node:178 - Create node_id = 276, children = None
2024-12-23 17:22:55.661 | INFO     | Core.Graph.TreeGraph:_create_node:178 - Create node_id = 277, children = None
2024-12-23 17:22:55.707 | INFO     | Core.Graph.TreeGraph:_create_node:178 - Create node_id = 278, children = None
2024-12-23 17:22:55.831 | INFO     | Core.Graph.TreeGraph:_create_node:178 - Create node_id = 279, children = None
2024-12-23 17:22:55.846 | INFO     | Core.Graph.TreeGraph:_create_node:178 - Create node_id = 280, children = None
2024-12-23 17:22:56.754 | INFO     | Core.Graph.TreeGraph:_create_node:178 - Create node_id = 281, children = None
2024-12-23 17:22:57.014 | INFO     | Core.Graph.TreeGraph:_create_node:178 - Create node_id = 282, children = None
2024-12-23 17:22:57.206 | INFO     | Core.Graph.TreeGraph:_create_node:178 - Create node_id = 283, children = None
2024-12-23 17:22:57.225 | INFO     | Core.Graph.TreeGraph:_create_node:178 - Create node_id = 284, children = None
2024-12-23 17:22:58.298 | INFO     | Core.Graph.TreeGraph:_create_node:178 - Create node_id = 285, children = None
2024-12-23 17:22:58.740 | INFO     | Core.Graph.TreeGraph:_create_node:178 - Create node_id = 286, children = None
2024-12-23 17:22:58.911 | INFO     | Core.Graph.TreeGraph:_create_node:178 - Create node_id = 287, children = None
2024-12-23 17:22:58.973 | INFO     | Core.Graph.TreeGraph:_create_node:178 - Create node_id = 288, children = None
2024-12-23 17:22:59.949 | INFO     | Core.Graph.TreeGraph:_create_node:178 - Create node_id = 289, children = None
2024-12-23 17:23:00.425 | INFO     | Core.Graph.TreeGraph:_create_node:178 - Create node_id = 290, children = None
2024-12-23 17:23:00.686 | INFO     | Core.Graph.TreeGraph:_create_node:178 - Create node_id = 291, children = None
2024-12-23 17:23:00.745 | INFO     | Core.Graph.TreeGraph:_create_node:178 - Create node_id = 292, children = None
2024-12-23 17:23:01.329 | INFO     | Core.Graph.TreeGraph:_create_node:178 - Create node_id = 293, children = None
2024-12-23 17:23:01.639 | INFO     | Core.Graph.TreeGraph:_create_node:178 - Create node_id = 294, children = None
2024-12-23 17:23:01.900 | INFO     | Core.Graph.TreeGraph:_create_node:178 - Create node_id = 295, children = None
2024-12-23 17:23:02.164 | INFO     | Core.Graph.TreeGraph:_create_node:178 - Create node_id = 296, children = None
2024-12-23 17:23:02.558 | INFO     | Core.Graph.TreeGraph:_create_node:178 - Create node_id = 297, children = None
2024-12-23 17:23:02.964 | INFO     | Core.Graph.TreeGraph:_create_node:178 - Create node_id = 298, children = None
2024-12-23 17:23:03.633 | INFO     | Core.Graph.TreeGraph:_create_node:178 - Create node_id = 299, children = None
2024-12-23 17:23:03.843 | INFO     | Core.Graph.TreeGraph:_create_node:178 - Create node_id = 300, children = None
2024-12-23 17:23:04.578 | INFO     | Core.Graph.TreeGraph:_create_node:178 - Create node_id = 301, children = None
2024-12-23 17:23:04.706 | INFO     | Core.Graph.TreeGraph:_create_node:178 - Create node_id = 302, children = None
2024-12-23 17:23:05.132 | INFO     | Core.Graph.TreeGraph:_create_node:178 - Create node_id = 303, children = None
2024-12-23 17:23:05.738 | INFO     | Core.Graph.TreeGraph:_create_node:178 - Create node_id = 304, children = None
2024-12-23 17:23:06.285 | INFO     | Core.Graph.TreeGraph:_create_node:178 - Create node_id = 305, children = None
2024-12-23 17:23:06.493 | INFO     | Core.Graph.TreeGraph:_create_node:178 - Create node_id = 306, children = None
2024-12-23 17:23:06.503 | INFO     | Core.Graph.TreeGraph:_create_node:178 - Create node_id = 307, children = None
2024-12-23 17:23:07.258 | INFO     | Core.Graph.TreeGraph:_create_node:178 - Create node_id = 308, children = None
2024-12-23 17:23:07.893 | INFO     | Core.Graph.TreeGraph:_create_node:178 - Create node_id = 309, children = None
2024-12-23 17:23:07.906 | INFO     | Core.Graph.TreeGraph:_create_node:178 - Create node_id = 310, children = None
2024-12-23 17:23:08.217 | INFO     | Core.Graph.TreeGraph:_create_node:178 - Create node_id = 311, children = None
